matrixcalc_AMD64 @ DESKTOP-M6SA3VS:  ----------
                                     Infos #: 0
                                     ----------

matrixcalc_AMD64 @ DESKTOP-M6SA3VS:  -------------
                                     WARNINGS #: 0
                                     -------------

matrixcalc_AMD64 @ DESKTOP-M6SA3VS:  -----------
                                     ERRORS #: 0
                                     -----------

matrixcalc_AMD64 @ DESKTOP-M6SA3VS:  ----------
                                     Infos #: 0
                                     ----------

matrixcalc_AMD64 @ DESKTOP-M6SA3VS:  -------------
                                     WARNINGS #: 0
                                     -------------

matrixcalc_AMD64 @ DESKTOP-M6SA3VS:  -----------
                                     ERRORS #: 0
                                     -----------

matrixcalc_AMD64 @ DESKTOP-M6SA3VS:  ----------
                                     Infos #: 0
                                     ----------

matrixcalc_AMD64 @ DESKTOP-M6SA3VS:  -------------
                                     WARNINGS #: 0
                                     -------------

matrixcalc_AMD64 @ DESKTOP-M6SA3VS:  -----------
                                     ERRORS #: 0
                                     -----------

matrixcalc_AMD64 @ DESKTOP-M6SA3VS:  ----------
                                     Infos #: 0
                                     ----------

matrixcalc_AMD64 @ DESKTOP-M6SA3VS:  -------------
                                     WARNINGS #: 0
                                     -------------

matrixcalc_AMD64 @ DESKTOP-M6SA3VS:  -----------
                                     ERRORS #: 0
                                     -----------

matrixcalc_AMD64 @ DESKTOP-M6SA3VS:  ----------
                                     Infos #: 0
                                     ----------

matrixcalc_AMD64 @ DESKTOP-M6SA3VS:  -------------
                                     WARNINGS #: 0
                                     -------------

matrixcalc_AMD64 @ DESKTOP-M6SA3VS:  -----------
                                     ERRORS #: 0
                                     -----------

matrixcalc_AMD64 @ DESKTOP-M6SA3VS:  ----------
                                     Infos #: 0
                                     ----------

matrixcalc_AMD64 @ DESKTOP-M6SA3VS:  -------------
                                     WARNINGS #: 0
                                     -------------

matrixcalc_AMD64 @ DESKTOP-M6SA3VS:  -----------
                                     ERRORS #: 0
                                     -----------

matrixcalc_AMD64 @ DESKTOP-M6SA3VS:  ----------
                                     Infos #: 0
                                     ----------

matrixcalc_AMD64 @ DESKTOP-M6SA3VS:  -------------
                                     WARNINGS #: 0
                                     -------------

matrixcalc_AMD64 @ DESKTOP-M6SA3VS:  -----------
                                     ERRORS #: 0
                                     -----------

matrixcalc_AMD64 @ DESKTOP-M6SA3VS:  ----------
                                     Infos #: 0
                                     ----------

matrixcalc_AMD64 @ DESKTOP-M6SA3VS:  -------------
                                     WARNINGS #: 0
                                     -------------

matrixcalc_AMD64 @ DESKTOP-M6SA3VS:  -----------
                                     ERRORS #: 0
                                     -----------

