>>>>>>>>>>>>>>>>>>>>>>>>>>>>
2022 Jan 15 (Sat):  21:02:32
>>>>>>>>>>>>>>>>>>>>>>>>>>>>

======================================================
 - pinning rule in use   : PINNING_RULE_MCALC_SKIP_ALL
 - desired group         : 0, sockets = 0
 - num cores available   : 4
 - num accessible procs          : 4
 - num logical procs             : 4
 - affinity (main thread)        : 11 11 
 - sockets                       : 0
 - potential cores               : 0,2
 - affinity                      : 11
 - active cores          : 0,2
 - hyperthreading        : on
 - allowed core ids      : 0,2
 - allowed core ids (aff): 10 10 
 - used mask (string)    : 10 10 
======================================================

Version: 2021.4 Release from 2021-05-18 (change 873153) [Release]
Started @ 2022 Jan 15 (Sat):  21:02:32
Workflow: Port plane extraction
Operation: [acis, pba, bg, port-extract]
Architecture: Windows, ID: AMD64
System Windows-64bit
Using processor group 0/1
HEX Mesh information:
[Global mesh]
	global O(0 0 0) 	global S(22 11 10) Z(2419)
===============================
Port preparation
Version 2021.4 (build 20210518)
PBA version 2021051821
Sub-Workflow: Port-Extraction
Workflow updated: -
2022 Jan 15 (Sat):  21:02:32
===============================

==========================
Finished port preparation.
==========================

<<<<<<<<<<<<<<<<<<<<<<<<<<<<<<<<<<<<<<<<<<<<
2022 Jan 15 (Sat):  21:02:32
Resource usage for extracting port geometry:
<<<<<<<<<<<<<<<<<<<<<<<<<<<<<<<<<<<<<<<<<<<<

>>>>>>>>>>>>>>>>>>>>>>>>>>>>
2022 Jan 15 (Sat):  21:02:35
>>>>>>>>>>>>>>>>>>>>>>>>>>>>

======================================================
 - pinning rule in use   : PINNING_RULE_MCALC_SKIP_ALL
 - desired group         : 0, sockets = 0
 - num cores available   : 4
 - num accessible procs          : 4
 - num logical procs             : 4
 - affinity (main thread)        : 11 11 
 - sockets                       : 0
 - potential cores               : 0,2
 - affinity                      : 11
 - active cores          : 0,2
 - hyperthreading        : on
 - allowed core ids      : 0,2
 - allowed core ids (aff): 10 10 
 - used mask (string)    : 10 10 
======================================================

Version: 2021.4 Release from 2021-05-18 (change 873153) [Release]
Started @ 2022 Jan 15 (Sat):  21:02:35
Workflow: PBA matrix coefficients
Operation: [acis, fpba, meshfill, bg, port-path, port-domain, tst, tst-nextgen, coeff, surface-imp]
Architecture: Windows, ID: AMD64
System Windows-64bit
Using processor group 0/1
HEX Mesh information:
[Global mesh]
	global O(0 0 0) 	global S(20 3 10) Z(599)
===============================
Matrix computation (PBA)
	[PBA version: default]
Version 2021.4 (build 20210518)
PBA version 2021051821
Sub-Workflow: FARM-1x1-TST2
Workflow updated: -
2022 Jan 15 (Sat):  21:02:35
===============================

----------------------------------------------
Used point accuracy enhancement value: 75.00%.
----------------------------------------------

======================================================================================================================================================================================================================================
== CST Matrix Calculation Priority Log                                                                                                                                                                                              ==
======================================================================================================================================================================================================================================
 
Priorities are sorted in ascending order beginning with the lowest priority
 
Priority-group:   1, shape   4: </cst/Boundaries/> Low^X,   material: Copper (annealed),  user-priority: 0,  material-attributes: pec.rho.surface-impedance,  shape-attributes: boundary,   
Priority-group:   1, shape   5: </cst/Boundaries/> Low^Y,   material: Copper (annealed),  user-priority: 0,  material-attributes: pec.rho.surface-impedance,  shape-attributes: boundary,   
Priority-group:   1, shape   6: </cst/Boundaries/> Low^Z,   material: Copper (annealed),  user-priority: 0,  material-attributes: pec.rho.surface-impedance,  shape-attributes: boundary,   
Priority-group:   1, shape   7: </cst/Boundaries/> Up^X,    material: Copper (annealed),  user-priority: 0,  material-attributes: pec.rho.surface-impedance,  shape-attributes: boundary,   
Priority-group:   1, shape   8: </cst/Boundaries/> Up^Y,    material: Copper (annealed),  user-priority: 0,  material-attributes: pec.rho.surface-impedance,  shape-attributes: boundary,   
Priority-group:   1, shape   9: </cst/Boundaries/> Up^Z,    material: Copper (annealed),  user-priority: 0,  material-attributes: pec.rho.surface-impedance,  shape-attributes: boundary,   
Priority-group:   2, shape   2: substrate:solid1__1_0,  material: FR-4 (lossy),   user-priority: 0,  2D/3D-geometry: true, material-attributes: dispersive-eps.dispersive-mue.normal,   shape-attributes: solid,  
Priority-group:   3, shape   1: Transmission line:Transmission line__1_1,   material: Copper (annealed),  user-priority: 0,  2D/3D-geometry: true, material-attributes: pec.rho.surface-impedance,  shape-attributes: solid,  
Priority-group:   3, shape   3: Transmission line:Transmission line__1_1 (Lump 2),  material: Copper (annealed),  user-priority: 0,  2D/3D-geometry: true, material-attributes: pec.rho.surface-impedance,  shape-attributes: solid,  
 
======================================================================================================================================================================================================================================
 
================================================================================================
General settings
	PBA version: default
------------------------------------------------------------------------------------------------
Geometry processor:default
	Geo accuracy: 75.000000
	PEC background is represented by CAD geometry: false
	Watertightness check: true
	Self intersection check: false
	Inheritance (all): false
	Normal dominance (all): false
	Normal dominance (ports): false
	Flanges hollow: true
	One shape per flange: false
------------------------------------------------------------------------------------------------
Connectivity settings
	Workflow selection: 0
	Workflow version: 20180101
	Gap detection: true
	Gap detection version: 2
	TST version: 2
	QQ workflow: true
	CoCo workflow: true
	Legacy topology: false
	Connectivity check: false
------------------------------------------------------------------------------------------------
Geometry processing log
	no entries
================================================================================================
FARM allocation scheme: BBM
Gap-Detection activated for FARM-topology. Gaps are resolved, even partially.: gap tolerance value is 0.001 and mesh geometry scale is 0.001

Port homogenization method: M2H point index deviation
ccccccccccccccccccccccccccccccccccccccccccccccccccccccccccccccccccccc
FARM/Meshfill cache is set to 8 (local FI domains: 1, dynamic: false)
ccccccccccccccccccccccccccccccccccccccccccccccccccccccccccccccccccccc

=============================================================
Hex cell analyzer settings:
	max number of E fields per mesh edge: 2
	max number of H fields per mesh face: 4
	supporting dual grid: false
	performance improvement: ROI limit: true
	performance improvement: ROI threshold: 2
	performance improvement: single topology extraction: true
	performance improvement: pre-categorize cell volume: true
	periodic align: 0
	periodic cells: true
	homogenization version: pid
=============================================================

------------------------------------------------------------------------------
+++++++++++++++++++++++++++++++++++++++++++++++++++++
settings for port mode calculation
+++++++++++++++++++++++++++++++++++++++++++++++++++++
PBA fill limit is applied in inverse mode.
PBA fill limit is applied on faces filled with at least 99.00% metal material.
--------------------------------------------------------------
detailed accuracy settings:
--------------------------------------------------------------
augmented fill limit:       true
augmented fill limit value: 99.00
automatic fill limit:       true
early fill limit:           true
inverse fill limit:         true
model complexity:           0.00
legacy 2015:                false
fixed point accuracy:       false
minimum point accuracy:     0
mesh step inheritance:      false
accuracy mode:              
------------------------------------------------------------------------------

--------------------------------------
Glued 0 metal grid points in port area
--------------------------------------

=================================
Finished matrix computation (PBA)
=================================

<<<<<<<<<<<<<<<<<<<<<<<<<<<<<<<<<<<<<<<<<<<<<<<<<<<<<<<<
2022 Jan 15 (Sat):  21:02:36
Resource usage for calculating matrix coefficients:
	Runtime                                 0.89 seconds
	Peak Memory Usage:                        25 MB
<<<<<<<<<<<<<<<<<<<<<<<<<<<<<<<<<<<<<<<<<<<<<<<<<<<<<<<<

--------------------------------
# of staircase filled cells: 0
# of staircase filled areas: 0
# of staircase filled edges: 0
# of faces above fill limit: 0
# of edges with FPBA topology: 0
--------------------------------

>>>>>>>>>>>>>>>>>>>>>>>>>>>>
2022 Jan 15 (Sat):  21:02:41
>>>>>>>>>>>>>>>>>>>>>>>>>>>>

======================================================
 - pinning rule in use   : PINNING_RULE_MCALC_SKIP_ALL
 - desired group         : 0, sockets = 0
 - num cores available   : 4
 - num accessible procs          : 4
 - num logical procs             : 4
 - affinity (main thread)        : 11 11 
 - sockets                       : 0
 - potential cores               : 0,2
 - affinity                      : 11
 - active cores          : 0,2
 - hyperthreading        : on
 - allowed core ids      : 0,2
 - allowed core ids (aff): 10 10 
 - used mask (string)    : 10 10 
======================================================

Version: 2021.4 Release from 2021-05-18 (change 873153) [Release]
Started @ 2022 Jan 15 (Sat):  21:02:41
Workflow: PBA matrix coefficients
Operation: [acis, fpba, meshfill, bg, port-path, port-domain, tst, tst-nextgen, coeff, surface-imp]
Architecture: Windows, ID: AMD64
System Windows-64bit
Using processor group 0/1
HEX Mesh information:
[Global mesh]
	global O(0 0 0) 	global S(26 3 16) Z(1247)
===============================
Matrix computation (PBA)
	[PBA version: default]
Version 2021.4 (build 20210518)
PBA version 2021051821
Sub-Workflow: FARM-1x1-TST2
Workflow updated: -
2022 Jan 15 (Sat):  21:02:41
===============================

----------------------------------------------
Used point accuracy enhancement value: 75.00%.
----------------------------------------------

======================================================================================================================================================================================================================================
== CST Matrix Calculation Priority Log                                                                                                                                                                                              ==
======================================================================================================================================================================================================================================
 
Priorities are sorted in ascending order beginning with the lowest priority
 
Priority-group:   1, shape   4: </cst/Boundaries/> Low^X,   material: Copper (annealed),  user-priority: 0,  material-attributes: pec.rho.surface-impedance,  shape-attributes: boundary,   
Priority-group:   1, shape   5: </cst/Boundaries/> Low^Y,   material: Copper (annealed),  user-priority: 0,  material-attributes: pec.rho.surface-impedance,  shape-attributes: boundary,   
Priority-group:   1, shape   6: </cst/Boundaries/> Low^Z,   material: Copper (annealed),  user-priority: 0,  material-attributes: pec.rho.surface-impedance,  shape-attributes: boundary,   
Priority-group:   1, shape   7: </cst/Boundaries/> Up^X,    material: Copper (annealed),  user-priority: 0,  material-attributes: pec.rho.surface-impedance,  shape-attributes: boundary,   
Priority-group:   1, shape   8: </cst/Boundaries/> Up^Y,    material: Copper (annealed),  user-priority: 0,  material-attributes: pec.rho.surface-impedance,  shape-attributes: boundary,   
Priority-group:   1, shape   9: </cst/Boundaries/> Up^Z,    material: Copper (annealed),  user-priority: 0,  material-attributes: pec.rho.surface-impedance,  shape-attributes: boundary,   
Priority-group:   2, shape   2: substrate:solid1__1_0,  material: FR-4 (lossy),   user-priority: 0,  2D/3D-geometry: true, material-attributes: dispersive-eps.dispersive-mue.normal,   shape-attributes: solid,  
Priority-group:   3, shape   1: Transmission line:Transmission line__1_1,   material: Copper (annealed),  user-priority: 0,  2D/3D-geometry: true, material-attributes: pec.rho.surface-impedance,  shape-attributes: solid,  
Priority-group:   3, shape   3: Transmission line:Transmission line__1_1 (Lump 2),  material: Copper (annealed),  user-priority: 0,  2D/3D-geometry: true, material-attributes: pec.rho.surface-impedance,  shape-attributes: solid,  
 
======================================================================================================================================================================================================================================
 
================================================================================================
General settings
	PBA version: default
------------------------------------------------------------------------------------------------
Geometry processor:default
	Geo accuracy: 75.000000
	PEC background is represented by CAD geometry: false
	Watertightness check: true
	Self intersection check: false
	Inheritance (all): false
	Normal dominance (all): false
	Normal dominance (ports): false
	Flanges hollow: true
	One shape per flange: false
------------------------------------------------------------------------------------------------
Connectivity settings
	Workflow selection: 0
	Workflow version: 20180101
	Gap detection: true
	Gap detection version: 2
	TST version: 2
	QQ workflow: true
	CoCo workflow: true
	Legacy topology: false
	Connectivity check: false
------------------------------------------------------------------------------------------------
Geometry processing log
	no entries
================================================================================================
FARM allocation scheme: BBM
Gap-Detection activated for FARM-topology. Gaps are resolved, even partially.: gap tolerance value is 0.001 and mesh geometry scale is 0.001

Port homogenization method: M2H point index deviation
ccccccccccccccccccccccccccccccccccccccccccccccccccccccccccccccccccccc
FARM/Meshfill cache is set to 8 (local FI domains: 1, dynamic: false)
ccccccccccccccccccccccccccccccccccccccccccccccccccccccccccccccccccccc

=============================================================
Hex cell analyzer settings:
	max number of E fields per mesh edge: 2
	max number of H fields per mesh face: 4
	supporting dual grid: false
	performance improvement: ROI limit: true
	performance improvement: ROI threshold: 2
	performance improvement: single topology extraction: true
	performance improvement: pre-categorize cell volume: true
	periodic align: 0
	periodic cells: true
	homogenization version: pid
=============================================================

------------------------------------------------------------------------------
+++++++++++++++++++++++++++++++++++++++++++++++++++++
settings for port mode calculation
+++++++++++++++++++++++++++++++++++++++++++++++++++++
PBA fill limit is applied in inverse mode.
PBA fill limit is applied on faces filled with at least 99.00% metal material.
--------------------------------------------------------------
detailed accuracy settings:
--------------------------------------------------------------
augmented fill limit:       true
augmented fill limit value: 99.00
automatic fill limit:       true
early fill limit:           true
inverse fill limit:         true
model complexity:           0.00
legacy 2015:                false
fixed point accuracy:       false
minimum point accuracy:     0
mesh step inheritance:      false
accuracy mode:              
------------------------------------------------------------------------------

--------------------------------------
Glued 0 metal grid points in port area
--------------------------------------

=================================
Finished matrix computation (PBA)
=================================

<<<<<<<<<<<<<<<<<<<<<<<<<<<<<<<<<<<<<<<<<<<<<<<<<<<<<<<<
2022 Jan 15 (Sat):  21:02:42
Resource usage for calculating matrix coefficients:
	Runtime                                 1.18 seconds
	Peak Memory Usage:                        29 MB
<<<<<<<<<<<<<<<<<<<<<<<<<<<<<<<<<<<<<<<<<<<<<<<<<<<<<<<<

--------------------------------
# of staircase filled cells: 0
# of staircase filled areas: 0
# of staircase filled edges: 0
# of faces above fill limit: 0
# of edges with FPBA topology: 0
--------------------------------

>>>>>>>>>>>>>>>>>>>>>>>>>>>>
2022 Jan 15 (Sat):  21:02:47
>>>>>>>>>>>>>>>>>>>>>>>>>>>>

======================================================
 - pinning rule in use   : PINNING_RULE_MCALC_SKIP_ALL
 - desired group         : 0, sockets = 0
 - num cores available   : 4
 - num accessible procs          : 4
 - num logical procs             : 4
 - affinity (main thread)        : 11 11 
 - sockets                       : 0
 - potential cores               : 0,2
 - affinity                      : 11
 - active cores          : 0,2
 - hyperthreading        : on
 - allowed core ids      : 0,2
 - allowed core ids (aff): 10 10 
 - used mask (string)    : 10 10 
======================================================

Version: 2021.4 Release from 2021-05-18 (change 873153) [Release]
Started @ 2022 Jan 15 (Sat):  21:02:47
Workflow: PBA matrix coefficients
Operation: [acis, fpba, meshfill, bg, port-path, port-domain, tst, tst-nextgen, coeff, surface-imp]
Architecture: Windows, ID: AMD64
System Windows-64bit
Using processor group 0/1
HEX Mesh information:
[Global mesh]
	global O(0 0 0) 	global S(32 3 26) Z(2495)
===============================
Matrix computation (PBA)
	[PBA version: default]
Version 2021.4 (build 20210518)
PBA version 2021051821
Sub-Workflow: FARM-1x1-TST2
Workflow updated: -
2022 Jan 15 (Sat):  21:02:47
===============================

----------------------------------------------
Used point accuracy enhancement value: 75.00%.
----------------------------------------------

======================================================================================================================================================================================================================================
== CST Matrix Calculation Priority Log                                                                                                                                                                                              ==
======================================================================================================================================================================================================================================
 
Priorities are sorted in ascending order beginning with the lowest priority
 
Priority-group:   1, shape   4: </cst/Boundaries/> Low^X,   material: Copper (annealed),  user-priority: 0,  material-attributes: pec.rho.surface-impedance,  shape-attributes: boundary,   
Priority-group:   1, shape   5: </cst/Boundaries/> Low^Y,   material: Copper (annealed),  user-priority: 0,  material-attributes: pec.rho.surface-impedance,  shape-attributes: boundary,   
Priority-group:   1, shape   6: </cst/Boundaries/> Low^Z,   material: Copper (annealed),  user-priority: 0,  material-attributes: pec.rho.surface-impedance,  shape-attributes: boundary,   
Priority-group:   1, shape   7: </cst/Boundaries/> Up^X,    material: Copper (annealed),  user-priority: 0,  material-attributes: pec.rho.surface-impedance,  shape-attributes: boundary,   
Priority-group:   1, shape   8: </cst/Boundaries/> Up^Y,    material: Copper (annealed),  user-priority: 0,  material-attributes: pec.rho.surface-impedance,  shape-attributes: boundary,   
Priority-group:   1, shape   9: </cst/Boundaries/> Up^Z,    material: Copper (annealed),  user-priority: 0,  material-attributes: pec.rho.surface-impedance,  shape-attributes: boundary,   
Priority-group:   2, shape   2: substrate:solid1__1_0,  material: FR-4 (lossy),   user-priority: 0,  2D/3D-geometry: true, material-attributes: dispersive-eps.dispersive-mue.normal,   shape-attributes: solid,  
Priority-group:   3, shape   1: Transmission line:Transmission line__1_1,   material: Copper (annealed),  user-priority: 0,  2D/3D-geometry: true, material-attributes: pec.rho.surface-impedance,  shape-attributes: solid,  
Priority-group:   3, shape   3: Transmission line:Transmission line__1_1 (Lump 2),  material: Copper (annealed),  user-priority: 0,  2D/3D-geometry: true, material-attributes: pec.rho.surface-impedance,  shape-attributes: solid,  
 
======================================================================================================================================================================================================================================
 
================================================================================================
General settings
	PBA version: default
------------------------------------------------------------------------------------------------
Geometry processor:default
	Geo accuracy: 75.000000
	PEC background is represented by CAD geometry: false
	Watertightness check: true
	Self intersection check: false
	Inheritance (all): false
	Normal dominance (all): false
	Normal dominance (ports): false
	Flanges hollow: true
	One shape per flange: false
------------------------------------------------------------------------------------------------
Connectivity settings
	Workflow selection: 0
	Workflow version: 20180101
	Gap detection: true
	Gap detection version: 2
	TST version: 2
	QQ workflow: true
	CoCo workflow: true
	Legacy topology: false
	Connectivity check: false
------------------------------------------------------------------------------------------------
Geometry processing log
	no entries
================================================================================================
FARM allocation scheme: BBM
Gap-Detection activated for FARM-topology. Gaps are resolved, even partially.: gap tolerance value is 0.001 and mesh geometry scale is 0.001

Port homogenization method: M2H point index deviation
ccccccccccccccccccccccccccccccccccccccccccccccccccccccccccccccccccccc
FARM/Meshfill cache is set to 8 (local FI domains: 1, dynamic: false)
ccccccccccccccccccccccccccccccccccccccccccccccccccccccccccccccccccccc

=============================================================
Hex cell analyzer settings:
	max number of E fields per mesh edge: 2
	max number of H fields per mesh face: 4
	supporting dual grid: false
	performance improvement: ROI limit: true
	performance improvement: ROI threshold: 2
	performance improvement: single topology extraction: true
	performance improvement: pre-categorize cell volume: true
	periodic align: 0
	periodic cells: true
	homogenization version: pid
=============================================================

------------------------------------------------------------------------------
+++++++++++++++++++++++++++++++++++++++++++++++++++++
settings for port mode calculation
+++++++++++++++++++++++++++++++++++++++++++++++++++++
PBA fill limit is applied in inverse mode.
PBA fill limit is applied on faces filled with at least 99.00% metal material.
--------------------------------------------------------------
detailed accuracy settings:
--------------------------------------------------------------
augmented fill limit:       true
augmented fill limit value: 99.00
automatic fill limit:       true
early fill limit:           true
inverse fill limit:         true
model complexity:           0.00
legacy 2015:                false
fixed point accuracy:       false
minimum point accuracy:     0
mesh step inheritance:      false
accuracy mode:              
------------------------------------------------------------------------------

--------------------------------------
Glued 0 metal grid points in port area
--------------------------------------

=================================
Finished matrix computation (PBA)
=================================

<<<<<<<<<<<<<<<<<<<<<<<<<<<<<<<<<<<<<<<<<<<<<<<<<<<<<<<<
2022 Jan 15 (Sat):  21:02:49
Resource usage for calculating matrix coefficients:
	Runtime                                 2.05 seconds
	Peak Memory Usage:                        36 MB
<<<<<<<<<<<<<<<<<<<<<<<<<<<<<<<<<<<<<<<<<<<<<<<<<<<<<<<<

--------------------------------
# of staircase filled cells: 0
# of staircase filled areas: 0
# of staircase filled edges: 0
# of faces above fill limit: 0
# of edges with FPBA topology: 0
--------------------------------

>>>>>>>>>>>>>>>>>>>>>>>>>>>>
2022 Jan 15 (Sat):  21:02:55
>>>>>>>>>>>>>>>>>>>>>>>>>>>>

======================================================
 - pinning rule in use   : PINNING_RULE_MCALC_SKIP_ALL
 - desired group         : 0, sockets = 0
 - num cores available   : 4
 - num accessible procs          : 4
 - num logical procs             : 4
 - affinity (main thread)        : 11 11 
 - sockets                       : 0
 - potential cores               : 0,2
 - affinity                      : 11
 - active cores          : 0,2
 - hyperthreading        : on
 - allowed core ids      : 0,2
 - allowed core ids (aff): 10 10 
 - used mask (string)    : 10 10 
======================================================

Version: 2021.4 Release from 2021-05-18 (change 873153) [Release]
Started @ 2022 Jan 15 (Sat):  21:02:55
Workflow: PBA matrix coefficients
Operation: [acis, fpba, meshfill, bg, port-path, port-domain, tst, tst-nextgen, coeff, surface-imp]
Architecture: Windows, ID: AMD64
System Windows-64bit
Using processor group 0/1
HEX Mesh information:
[Global mesh]
	global O(0 0 0) 	global S(46 3 37) Z(5105)
===============================
Matrix computation (PBA)
	[PBA version: default]
Version 2021.4 (build 20210518)
PBA version 2021051821
Sub-Workflow: FARM-1x1-TST2
Workflow updated: -
2022 Jan 15 (Sat):  21:02:55
===============================

----------------------------------------------
Used point accuracy enhancement value: 75.00%.
----------------------------------------------

======================================================================================================================================================================================================================================
== CST Matrix Calculation Priority Log                                                                                                                                                                                              ==
======================================================================================================================================================================================================================================
 
Priorities are sorted in ascending order beginning with the lowest priority
 
Priority-group:   1, shape   4: </cst/Boundaries/> Low^X,   material: Copper (annealed),  user-priority: 0,  material-attributes: pec.rho.surface-impedance,  shape-attributes: boundary,   
Priority-group:   1, shape   5: </cst/Boundaries/> Low^Y,   material: Copper (annealed),  user-priority: 0,  material-attributes: pec.rho.surface-impedance,  shape-attributes: boundary,   
Priority-group:   1, shape   6: </cst/Boundaries/> Low^Z,   material: Copper (annealed),  user-priority: 0,  material-attributes: pec.rho.surface-impedance,  shape-attributes: boundary,   
Priority-group:   1, shape   7: </cst/Boundaries/> Up^X,    material: Copper (annealed),  user-priority: 0,  material-attributes: pec.rho.surface-impedance,  shape-attributes: boundary,   
Priority-group:   1, shape   8: </cst/Boundaries/> Up^Y,    material: Copper (annealed),  user-priority: 0,  material-attributes: pec.rho.surface-impedance,  shape-attributes: boundary,   
Priority-group:   1, shape   9: </cst/Boundaries/> Up^Z,    material: Copper (annealed),  user-priority: 0,  material-attributes: pec.rho.surface-impedance,  shape-attributes: boundary,   
Priority-group:   2, shape   2: substrate:solid1__1_0,  material: FR-4 (lossy),   user-priority: 0,  2D/3D-geometry: true, material-attributes: dispersive-eps.dispersive-mue.normal,   shape-attributes: solid,  
Priority-group:   3, shape   1: Transmission line:Transmission line__1_1,   material: Copper (annealed),  user-priority: 0,  2D/3D-geometry: true, material-attributes: pec.rho.surface-impedance,  shape-attributes: solid,  
Priority-group:   3, shape   3: Transmission line:Transmission line__1_1 (Lump 2),  material: Copper (annealed),  user-priority: 0,  2D/3D-geometry: true, material-attributes: pec.rho.surface-impedance,  shape-attributes: solid,  
 
======================================================================================================================================================================================================================================
 
================================================================================================
General settings
	PBA version: default
------------------------------------------------------------------------------------------------
Geometry processor:default
	Geo accuracy: 75.000000
	PEC background is represented by CAD geometry: false
	Watertightness check: true
	Self intersection check: false
	Inheritance (all): false
	Normal dominance (all): false
	Normal dominance (ports): false
	Flanges hollow: true
	One shape per flange: false
------------------------------------------------------------------------------------------------
Connectivity settings
	Workflow selection: 0
	Workflow version: 20180101
	Gap detection: true
	Gap detection version: 2
	TST version: 2
	QQ workflow: true
	CoCo workflow: true
	Legacy topology: false
	Connectivity check: false
------------------------------------------------------------------------------------------------
Geometry processing log
	no entries
================================================================================================
FARM allocation scheme: BBM
Gap-Detection activated for FARM-topology. Gaps are resolved, even partially.: gap tolerance value is 0.001 and mesh geometry scale is 0.001

Port homogenization method: M2H point index deviation
ccccccccccccccccccccccccccccccccccccccccccccccccccccccccccccccccccccc
FARM/Meshfill cache is set to 8 (local FI domains: 1, dynamic: false)
ccccccccccccccccccccccccccccccccccccccccccccccccccccccccccccccccccccc

=============================================================
Hex cell analyzer settings:
	max number of E fields per mesh edge: 2
	max number of H fields per mesh face: 4
	supporting dual grid: false
	performance improvement: ROI limit: true
	performance improvement: ROI threshold: 2
	performance improvement: single topology extraction: true
	performance improvement: pre-categorize cell volume: true
	periodic align: 0
	periodic cells: true
	homogenization version: pid
=============================================================

------------------------------------------------------------------------------
+++++++++++++++++++++++++++++++++++++++++++++++++++++
settings for port mode calculation
+++++++++++++++++++++++++++++++++++++++++++++++++++++
PBA fill limit is applied in inverse mode.
PBA fill limit is applied on faces filled with at least 99.00% metal material.
--------------------------------------------------------------
detailed accuracy settings:
--------------------------------------------------------------
augmented fill limit:       true
augmented fill limit value: 99.00
automatic fill limit:       true
early fill limit:           true
inverse fill limit:         true
model complexity:           0.00
legacy 2015:                false
fixed point accuracy:       false
minimum point accuracy:     0
mesh step inheritance:      false
accuracy mode:              
------------------------------------------------------------------------------

--------------------------------------
Glued 0 metal grid points in port area
--------------------------------------

=================================
Finished matrix computation (PBA)
=================================

<<<<<<<<<<<<<<<<<<<<<<<<<<<<<<<<<<<<<<<<<<<<<<<<<<<<<<<<
2022 Jan 15 (Sat):  21:02:58
Resource usage for calculating matrix coefficients:
	Runtime                                 3.25 seconds
	Peak Memory Usage:                        50 MB
<<<<<<<<<<<<<<<<<<<<<<<<<<<<<<<<<<<<<<<<<<<<<<<<<<<<<<<<

--------------------------------
# of staircase filled cells: 0
# of staircase filled areas: 0
# of staircase filled edges: 0
# of faces above fill limit: 0
# of edges with FPBA topology: 0
--------------------------------

>>>>>>>>>>>>>>>>>>>>>>>>>>>>
2022 Jan 15 (Sat):  21:03:05
>>>>>>>>>>>>>>>>>>>>>>>>>>>>

======================================================
 - pinning rule in use   : PINNING_RULE_MCALC_SKIP_ALL
 - desired group         : 0, sockets = 0
 - num cores available   : 4
 - num accessible procs          : 4
 - num logical procs             : 4
 - affinity (main thread)        : 11 11 
 - sockets                       : 0
 - potential cores               : 0,2
 - affinity                      : 11
 - active cores          : 0,2
 - hyperthreading        : on
 - allowed core ids      : 0,2
 - allowed core ids (aff): 10 10 
 - used mask (string)    : 10 10 
======================================================

Version: 2021.4 Release from 2021-05-18 (change 873153) [Release]
Started @ 2022 Jan 15 (Sat):  21:03:05
Workflow: PBA matrix coefficients
Operation: [acis, fpba, meshfill, bg, port-path, port-domain, tst, tst-nextgen, coeff, surface-imp]
Architecture: Windows, ID: AMD64
System Windows-64bit
Using processor group 0/1
HEX Mesh information:
[Global mesh]
	global O(0 0 0) 	global S(20 3 10) Z(599)
===============================
Matrix computation (PBA)
	[PBA version: default]
Version 2021.4 (build 20210518)
PBA version 2021051821
Sub-Workflow: FARM-1x1-TST2
Workflow updated: -
2022 Jan 15 (Sat):  21:03:05
===============================

----------------------------------------------
Used point accuracy enhancement value: 75.00%.
----------------------------------------------

======================================================================================================================================================================================================================================
== CST Matrix Calculation Priority Log                                                                                                                                                                                              ==
======================================================================================================================================================================================================================================
 
Priorities are sorted in ascending order beginning with the lowest priority
 
Priority-group:   1, shape   4: </cst/Boundaries/> Low^X,   material: Copper (annealed),  user-priority: 0,  material-attributes: pec.rho.surface-impedance,  shape-attributes: boundary,   
Priority-group:   1, shape   5: </cst/Boundaries/> Low^Y,   material: Copper (annealed),  user-priority: 0,  material-attributes: pec.rho.surface-impedance,  shape-attributes: boundary,   
Priority-group:   1, shape   6: </cst/Boundaries/> Low^Z,   material: Copper (annealed),  user-priority: 0,  material-attributes: pec.rho.surface-impedance,  shape-attributes: boundary,   
Priority-group:   1, shape   7: </cst/Boundaries/> Up^X,    material: Copper (annealed),  user-priority: 0,  material-attributes: pec.rho.surface-impedance,  shape-attributes: boundary,   
Priority-group:   1, shape   8: </cst/Boundaries/> Up^Y,    material: Copper (annealed),  user-priority: 0,  material-attributes: pec.rho.surface-impedance,  shape-attributes: boundary,   
Priority-group:   1, shape   9: </cst/Boundaries/> Up^Z,    material: Copper (annealed),  user-priority: 0,  material-attributes: pec.rho.surface-impedance,  shape-attributes: boundary,   
Priority-group:   2, shape   2: substrate:solid1__2_0,  material: FR-4 (lossy),   user-priority: 0,  2D/3D-geometry: true, material-attributes: dispersive-eps.dispersive-mue.normal,   shape-attributes: solid,  
Priority-group:   3, shape   1: Transmission line:Transmission line__2_1,   material: Copper (annealed),  user-priority: 0,  2D/3D-geometry: true, material-attributes: pec.rho.surface-impedance,  shape-attributes: solid,  
Priority-group:   3, shape   3: Transmission line:Transmission line__2_1 (Lump 2),  material: Copper (annealed),  user-priority: 0,  2D/3D-geometry: true, material-attributes: pec.rho.surface-impedance,  shape-attributes: solid,  
 
======================================================================================================================================================================================================================================
 
================================================================================================
General settings
	PBA version: default
------------------------------------------------------------------------------------------------
Geometry processor:default
	Geo accuracy: 75.000000
	PEC background is represented by CAD geometry: false
	Watertightness check: true
	Self intersection check: false
	Inheritance (all): false
	Normal dominance (all): false
	Normal dominance (ports): false
	Flanges hollow: true
	One shape per flange: false
------------------------------------------------------------------------------------------------
Connectivity settings
	Workflow selection: 0
	Workflow version: 20180101
	Gap detection: true
	Gap detection version: 2
	TST version: 2
	QQ workflow: true
	CoCo workflow: true
	Legacy topology: false
	Connectivity check: false
------------------------------------------------------------------------------------------------
Geometry processing log
	no entries
================================================================================================
FARM allocation scheme: BBM
Gap-Detection activated for FARM-topology. Gaps are resolved, even partially.: gap tolerance value is 0.001 and mesh geometry scale is 0.001

Port homogenization method: M2H point index deviation
ccccccccccccccccccccccccccccccccccccccccccccccccccccccccccccccccccccc
FARM/Meshfill cache is set to 8 (local FI domains: 1, dynamic: false)
ccccccccccccccccccccccccccccccccccccccccccccccccccccccccccccccccccccc

=============================================================
Hex cell analyzer settings:
	max number of E fields per mesh edge: 2
	max number of H fields per mesh face: 4
	supporting dual grid: false
	performance improvement: ROI limit: true
	performance improvement: ROI threshold: 2
	performance improvement: single topology extraction: true
	performance improvement: pre-categorize cell volume: true
	periodic align: 0
	periodic cells: true
	homogenization version: pid
=============================================================

------------------------------------------------------------------------------
+++++++++++++++++++++++++++++++++++++++++++++++++++++
settings for port mode calculation
+++++++++++++++++++++++++++++++++++++++++++++++++++++
PBA fill limit is applied in inverse mode.
PBA fill limit is applied on faces filled with at least 99.00% metal material.
--------------------------------------------------------------
detailed accuracy settings:
--------------------------------------------------------------
augmented fill limit:       true
augmented fill limit value: 99.00
automatic fill limit:       true
early fill limit:           true
inverse fill limit:         true
model complexity:           0.00
legacy 2015:                false
fixed point accuracy:       false
minimum point accuracy:     0
mesh step inheritance:      false
accuracy mode:              
------------------------------------------------------------------------------

--------------------------------------
Glued 0 metal grid points in port area
--------------------------------------

=================================
Finished matrix computation (PBA)
=================================

<<<<<<<<<<<<<<<<<<<<<<<<<<<<<<<<<<<<<<<<<<<<<<<<<<<<<<<<
2022 Jan 15 (Sat):  21:03:06
Resource usage for calculating matrix coefficients:
	Runtime                                 1.21 seconds
	Peak Memory Usage:                        25 MB
<<<<<<<<<<<<<<<<<<<<<<<<<<<<<<<<<<<<<<<<<<<<<<<<<<<<<<<<

--------------------------------
# of staircase filled cells: 0
# of staircase filled areas: 0
# of staircase filled edges: 0
# of faces above fill limit: 0
# of edges with FPBA topology: 0
--------------------------------

>>>>>>>>>>>>>>>>>>>>>>>>>>>>
2022 Jan 15 (Sat):  21:03:12
>>>>>>>>>>>>>>>>>>>>>>>>>>>>

======================================================
 - pinning rule in use   : PINNING_RULE_MCALC_SKIP_ALL
 - desired group         : 0, sockets = 0
 - num cores available   : 4
 - num accessible procs          : 4
 - num logical procs             : 4
 - affinity (main thread)        : 11 11 
 - sockets                       : 0
 - potential cores               : 0,2
 - affinity                      : 11
 - active cores          : 0,2
 - hyperthreading        : on
 - allowed core ids      : 0,2
 - allowed core ids (aff): 10 10 
 - used mask (string)    : 10 10 
======================================================

Version: 2021.4 Release from 2021-05-18 (change 873153) [Release]
Started @ 2022 Jan 15 (Sat):  21:03:12
Workflow: PBA matrix coefficients
Operation: [acis, fpba, meshfill, bg, port-path, port-domain, tst, tst-nextgen, coeff, surface-imp]
Architecture: Windows, ID: AMD64
System Windows-64bit
Using processor group 0/1
HEX Mesh information:
[Global mesh]
	global O(0 0 0) 	global S(26 3 16) Z(1247)
===============================
Matrix computation (PBA)
	[PBA version: default]
Version 2021.4 (build 20210518)
PBA version 2021051821
Sub-Workflow: FARM-1x1-TST2
Workflow updated: -
2022 Jan 15 (Sat):  21:03:12
===============================

----------------------------------------------
Used point accuracy enhancement value: 75.00%.
----------------------------------------------

======================================================================================================================================================================================================================================
== CST Matrix Calculation Priority Log                                                                                                                                                                                              ==
======================================================================================================================================================================================================================================
 
Priorities are sorted in ascending order beginning with the lowest priority
 
Priority-group:   1, shape   4: </cst/Boundaries/> Low^X,   material: Copper (annealed),  user-priority: 0,  material-attributes: pec.rho.surface-impedance,  shape-attributes: boundary,   
Priority-group:   1, shape   5: </cst/Boundaries/> Low^Y,   material: Copper (annealed),  user-priority: 0,  material-attributes: pec.rho.surface-impedance,  shape-attributes: boundary,   
Priority-group:   1, shape   6: </cst/Boundaries/> Low^Z,   material: Copper (annealed),  user-priority: 0,  material-attributes: pec.rho.surface-impedance,  shape-attributes: boundary,   
Priority-group:   1, shape   7: </cst/Boundaries/> Up^X,    material: Copper (annealed),  user-priority: 0,  material-attributes: pec.rho.surface-impedance,  shape-attributes: boundary,   
Priority-group:   1, shape   8: </cst/Boundaries/> Up^Y,    material: Copper (annealed),  user-priority: 0,  material-attributes: pec.rho.surface-impedance,  shape-attributes: boundary,   
Priority-group:   1, shape   9: </cst/Boundaries/> Up^Z,    material: Copper (annealed),  user-priority: 0,  material-attributes: pec.rho.surface-impedance,  shape-attributes: boundary,   
Priority-group:   2, shape   2: substrate:solid1__2_0,  material: FR-4 (lossy),   user-priority: 0,  2D/3D-geometry: true, material-attributes: dispersive-eps.dispersive-mue.normal,   shape-attributes: solid,  
Priority-group:   3, shape   1: Transmission line:Transmission line__2_1,   material: Copper (annealed),  user-priority: 0,  2D/3D-geometry: true, material-attributes: pec.rho.surface-impedance,  shape-attributes: solid,  
Priority-group:   3, shape   3: Transmission line:Transmission line__2_1 (Lump 2),  material: Copper (annealed),  user-priority: 0,  2D/3D-geometry: true, material-attributes: pec.rho.surface-impedance,  shape-attributes: solid,  
 
======================================================================================================================================================================================================================================
 
================================================================================================
General settings
	PBA version: default
------------------------------------------------------------------------------------------------
Geometry processor:default
	Geo accuracy: 75.000000
	PEC background is represented by CAD geometry: false
	Watertightness check: true
	Self intersection check: false
	Inheritance (all): false
	Normal dominance (all): false
	Normal dominance (ports): false
	Flanges hollow: true
	One shape per flange: false
------------------------------------------------------------------------------------------------
Connectivity settings
	Workflow selection: 0
	Workflow version: 20180101
	Gap detection: true
	Gap detection version: 2
	TST version: 2
	QQ workflow: true
	CoCo workflow: true
	Legacy topology: false
	Connectivity check: false
------------------------------------------------------------------------------------------------
Geometry processing log
	no entries
================================================================================================
FARM allocation scheme: BBM
Gap-Detection activated for FARM-topology. Gaps are resolved, even partially.: gap tolerance value is 0.001 and mesh geometry scale is 0.001

Port homogenization method: M2H point index deviation
ccccccccccccccccccccccccccccccccccccccccccccccccccccccccccccccccccccc
FARM/Meshfill cache is set to 8 (local FI domains: 1, dynamic: false)
ccccccccccccccccccccccccccccccccccccccccccccccccccccccccccccccccccccc

=============================================================
Hex cell analyzer settings:
	max number of E fields per mesh edge: 2
	max number of H fields per mesh face: 4
	supporting dual grid: false
	performance improvement: ROI limit: true
	performance improvement: ROI threshold: 2
	performance improvement: single topology extraction: true
	performance improvement: pre-categorize cell volume: true
	periodic align: 0
	periodic cells: true
	homogenization version: pid
=============================================================

------------------------------------------------------------------------------
+++++++++++++++++++++++++++++++++++++++++++++++++++++
settings for port mode calculation
+++++++++++++++++++++++++++++++++++++++++++++++++++++
PBA fill limit is applied in inverse mode.
PBA fill limit is applied on faces filled with at least 99.00% metal material.
--------------------------------------------------------------
detailed accuracy settings:
--------------------------------------------------------------
augmented fill limit:       true
augmented fill limit value: 99.00
automatic fill limit:       true
early fill limit:           true
inverse fill limit:         true
model complexity:           0.00
legacy 2015:                false
fixed point accuracy:       false
minimum point accuracy:     0
mesh step inheritance:      false
accuracy mode:              
------------------------------------------------------------------------------

--------------------------------------
Glued 0 metal grid points in port area
--------------------------------------

=================================
Finished matrix computation (PBA)
=================================

<<<<<<<<<<<<<<<<<<<<<<<<<<<<<<<<<<<<<<<<<<<<<<<<<<<<<<<<
2022 Jan 15 (Sat):  21:03:13
Resource usage for calculating matrix coefficients:
	Runtime                                 1.15 seconds
	Peak Memory Usage:                        29 MB
<<<<<<<<<<<<<<<<<<<<<<<<<<<<<<<<<<<<<<<<<<<<<<<<<<<<<<<<

--------------------------------
# of staircase filled cells: 0
# of staircase filled areas: 0
# of staircase filled edges: 0
# of faces above fill limit: 0
# of edges with FPBA topology: 0
--------------------------------

>>>>>>>>>>>>>>>>>>>>>>>>>>>>
2022 Jan 15 (Sat):  21:03:18
>>>>>>>>>>>>>>>>>>>>>>>>>>>>

======================================================
 - pinning rule in use   : PINNING_RULE_MCALC_SKIP_ALL
 - desired group         : 0, sockets = 0
 - num cores available   : 4
 - num accessible procs          : 4
 - num logical procs             : 4
 - affinity (main thread)        : 11 11 
 - sockets                       : 0
 - potential cores               : 0,2
 - affinity                      : 11
 - active cores          : 0,2
 - hyperthreading        : on
 - allowed core ids      : 0,2
 - allowed core ids (aff): 10 10 
 - used mask (string)    : 10 10 
======================================================

Version: 2021.4 Release from 2021-05-18 (change 873153) [Release]
Started @ 2022 Jan 15 (Sat):  21:03:18
Workflow: PBA matrix coefficients
Operation: [acis, fpba, meshfill, bg, port-path, port-domain, tst, tst-nextgen, coeff, surface-imp]
Architecture: Windows, ID: AMD64
System Windows-64bit
Using processor group 0/1
HEX Mesh information:
[Global mesh]
	global O(0 0 0) 	global S(32 3 26) Z(2495)
===============================
Matrix computation (PBA)
	[PBA version: default]
Version 2021.4 (build 20210518)
PBA version 2021051821
Sub-Workflow: FARM-1x1-TST2
Workflow updated: -
2022 Jan 15 (Sat):  21:03:18
===============================

----------------------------------------------
Used point accuracy enhancement value: 75.00%.
----------------------------------------------

======================================================================================================================================================================================================================================
== CST Matrix Calculation Priority Log                                                                                                                                                                                              ==
======================================================================================================================================================================================================================================
 
Priorities are sorted in ascending order beginning with the lowest priority
 
Priority-group:   1, shape   4: </cst/Boundaries/> Low^X,   material: Copper (annealed),  user-priority: 0,  material-attributes: pec.rho.surface-impedance,  shape-attributes: boundary,   
Priority-group:   1, shape   5: </cst/Boundaries/> Low^Y,   material: Copper (annealed),  user-priority: 0,  material-attributes: pec.rho.surface-impedance,  shape-attributes: boundary,   
Priority-group:   1, shape   6: </cst/Boundaries/> Low^Z,   material: Copper (annealed),  user-priority: 0,  material-attributes: pec.rho.surface-impedance,  shape-attributes: boundary,   
Priority-group:   1, shape   7: </cst/Boundaries/> Up^X,    material: Copper (annealed),  user-priority: 0,  material-attributes: pec.rho.surface-impedance,  shape-attributes: boundary,   
Priority-group:   1, shape   8: </cst/Boundaries/> Up^Y,    material: Copper (annealed),  user-priority: 0,  material-attributes: pec.rho.surface-impedance,  shape-attributes: boundary,   
Priority-group:   1, shape   9: </cst/Boundaries/> Up^Z,    material: Copper (annealed),  user-priority: 0,  material-attributes: pec.rho.surface-impedance,  shape-attributes: boundary,   
Priority-group:   2, shape   2: substrate:solid1__2_0,  material: FR-4 (lossy),   user-priority: 0,  2D/3D-geometry: true, material-attributes: dispersive-eps.dispersive-mue.normal,   shape-attributes: solid,  
Priority-group:   3, shape   1: Transmission line:Transmission line__2_1,   material: Copper (annealed),  user-priority: 0,  2D/3D-geometry: true, material-attributes: pec.rho.surface-impedance,  shape-attributes: solid,  
Priority-group:   3, shape   3: Transmission line:Transmission line__2_1 (Lump 2),  material: Copper (annealed),  user-priority: 0,  2D/3D-geometry: true, material-attributes: pec.rho.surface-impedance,  shape-attributes: solid,  
 
======================================================================================================================================================================================================================================
 
================================================================================================
General settings
	PBA version: default
------------------------------------------------------------------------------------------------
Geometry processor:default
	Geo accuracy: 75.000000
	PEC background is represented by CAD geometry: false
	Watertightness check: true
	Self intersection check: false
	Inheritance (all): false
	Normal dominance (all): false
	Normal dominance (ports): false
	Flanges hollow: true
	One shape per flange: false
------------------------------------------------------------------------------------------------
Connectivity settings
	Workflow selection: 0
	Workflow version: 20180101
	Gap detection: true
	Gap detection version: 2
	TST version: 2
	QQ workflow: true
	CoCo workflow: true
	Legacy topology: false
	Connectivity check: false
------------------------------------------------------------------------------------------------
Geometry processing log
	no entries
================================================================================================
FARM allocation scheme: BBM
Gap-Detection activated for FARM-topology. Gaps are resolved, even partially.: gap tolerance value is 0.001 and mesh geometry scale is 0.001

Port homogenization method: M2H point index deviation
ccccccccccccccccccccccccccccccccccccccccccccccccccccccccccccccccccccc
FARM/Meshfill cache is set to 8 (local FI domains: 1, dynamic: false)
ccccccccccccccccccccccccccccccccccccccccccccccccccccccccccccccccccccc

=============================================================
Hex cell analyzer settings:
	max number of E fields per mesh edge: 2
	max number of H fields per mesh face: 4
	supporting dual grid: false
	performance improvement: ROI limit: true
	performance improvement: ROI threshold: 2
	performance improvement: single topology extraction: true
	performance improvement: pre-categorize cell volume: true
	periodic align: 0
	periodic cells: true
	homogenization version: pid
=============================================================

------------------------------------------------------------------------------
+++++++++++++++++++++++++++++++++++++++++++++++++++++
settings for port mode calculation
+++++++++++++++++++++++++++++++++++++++++++++++++++++
PBA fill limit is applied in inverse mode.
PBA fill limit is applied on faces filled with at least 99.00% metal material.
--------------------------------------------------------------
detailed accuracy settings:
--------------------------------------------------------------
augmented fill limit:       true
augmented fill limit value: 99.00
automatic fill limit:       true
early fill limit:           true
inverse fill limit:         true
model complexity:           0.00
legacy 2015:                false
fixed point accuracy:       false
minimum point accuracy:     0
mesh step inheritance:      false
accuracy mode:              
------------------------------------------------------------------------------

--------------------------------------
Glued 0 metal grid points in port area
--------------------------------------

=================================
Finished matrix computation (PBA)
=================================

<<<<<<<<<<<<<<<<<<<<<<<<<<<<<<<<<<<<<<<<<<<<<<<<<<<<<<<<
2022 Jan 15 (Sat):  21:03:20
Resource usage for calculating matrix coefficients:
	Runtime                                 1.85 seconds
	Peak Memory Usage:                        36 MB
<<<<<<<<<<<<<<<<<<<<<<<<<<<<<<<<<<<<<<<<<<<<<<<<<<<<<<<<

--------------------------------
# of staircase filled cells: 0
# of staircase filled areas: 0
# of staircase filled edges: 0
# of faces above fill limit: 0
# of edges with FPBA topology: 0
--------------------------------

>>>>>>>>>>>>>>>>>>>>>>>>>>>>
2022 Jan 15 (Sat):  21:03:25
>>>>>>>>>>>>>>>>>>>>>>>>>>>>

======================================================
 - pinning rule in use   : PINNING_RULE_MCALC_SKIP_ALL
 - desired group         : 0, sockets = 0
 - num cores available   : 4
 - num accessible procs          : 4
 - num logical procs             : 4
 - affinity (main thread)        : 11 11 
 - sockets                       : 0
 - potential cores               : 0,2
 - affinity                      : 11
 - active cores          : 0,2
 - hyperthreading        : on
 - allowed core ids      : 0,2
 - allowed core ids (aff): 10 10 
 - used mask (string)    : 10 10 
======================================================

Version: 2021.4 Release from 2021-05-18 (change 873153) [Release]
Started @ 2022 Jan 15 (Sat):  21:03:25
Workflow: PBA matrix coefficients
Operation: [acis, fpba, meshfill, bg, port-path, port-domain, tst, tst-nextgen, coeff, surface-imp]
Architecture: Windows, ID: AMD64
System Windows-64bit
Using processor group 0/1
HEX Mesh information:
[Global mesh]
	global O(0 0 0) 	global S(46 3 37) Z(5105)
===============================
Matrix computation (PBA)
	[PBA version: default]
Version 2021.4 (build 20210518)
PBA version 2021051821
Sub-Workflow: FARM-1x1-TST2
Workflow updated: -
2022 Jan 15 (Sat):  21:03:25
===============================

----------------------------------------------
Used point accuracy enhancement value: 75.00%.
----------------------------------------------

======================================================================================================================================================================================================================================
== CST Matrix Calculation Priority Log                                                                                                                                                                                              ==
======================================================================================================================================================================================================================================
 
Priorities are sorted in ascending order beginning with the lowest priority
 
Priority-group:   1, shape   4: </cst/Boundaries/> Low^X,   material: Copper (annealed),  user-priority: 0,  material-attributes: pec.rho.surface-impedance,  shape-attributes: boundary,   
Priority-group:   1, shape   5: </cst/Boundaries/> Low^Y,   material: Copper (annealed),  user-priority: 0,  material-attributes: pec.rho.surface-impedance,  shape-attributes: boundary,   
Priority-group:   1, shape   6: </cst/Boundaries/> Low^Z,   material: Copper (annealed),  user-priority: 0,  material-attributes: pec.rho.surface-impedance,  shape-attributes: boundary,   
Priority-group:   1, shape   7: </cst/Boundaries/> Up^X,    material: Copper (annealed),  user-priority: 0,  material-attributes: pec.rho.surface-impedance,  shape-attributes: boundary,   
Priority-group:   1, shape   8: </cst/Boundaries/> Up^Y,    material: Copper (annealed),  user-priority: 0,  material-attributes: pec.rho.surface-impedance,  shape-attributes: boundary,   
Priority-group:   1, shape   9: </cst/Boundaries/> Up^Z,    material: Copper (annealed),  user-priority: 0,  material-attributes: pec.rho.surface-impedance,  shape-attributes: boundary,   
Priority-group:   2, shape   2: substrate:solid1__2_0,  material: FR-4 (lossy),   user-priority: 0,  2D/3D-geometry: true, material-attributes: dispersive-eps.dispersive-mue.normal,   shape-attributes: solid,  
Priority-group:   3, shape   1: Transmission line:Transmission line__2_1,   material: Copper (annealed),  user-priority: 0,  2D/3D-geometry: true, material-attributes: pec.rho.surface-impedance,  shape-attributes: solid,  
Priority-group:   3, shape   3: Transmission line:Transmission line__2_1 (Lump 2),  material: Copper (annealed),  user-priority: 0,  2D/3D-geometry: true, material-attributes: pec.rho.surface-impedance,  shape-attributes: solid,  
 
======================================================================================================================================================================================================================================
 
================================================================================================
General settings
	PBA version: default
------------------------------------------------------------------------------------------------
Geometry processor:default
	Geo accuracy: 75.000000
	PEC background is represented by CAD geometry: false
	Watertightness check: true
	Self intersection check: false
	Inheritance (all): false
	Normal dominance (all): false
	Normal dominance (ports): false
	Flanges hollow: true
	One shape per flange: false
------------------------------------------------------------------------------------------------
Connectivity settings
	Workflow selection: 0
	Workflow version: 20180101
	Gap detection: true
	Gap detection version: 2
	TST version: 2
	QQ workflow: true
	CoCo workflow: true
	Legacy topology: false
	Connectivity check: false
------------------------------------------------------------------------------------------------
Geometry processing log
	no entries
================================================================================================
FARM allocation scheme: BBM
Gap-Detection activated for FARM-topology. Gaps are resolved, even partially.: gap tolerance value is 0.001 and mesh geometry scale is 0.001

Port homogenization method: M2H point index deviation
ccccccccccccccccccccccccccccccccccccccccccccccccccccccccccccccccccccc
FARM/Meshfill cache is set to 8 (local FI domains: 1, dynamic: false)
ccccccccccccccccccccccccccccccccccccccccccccccccccccccccccccccccccccc

=============================================================
Hex cell analyzer settings:
	max number of E fields per mesh edge: 2
	max number of H fields per mesh face: 4
	supporting dual grid: false
	performance improvement: ROI limit: true
	performance improvement: ROI threshold: 2
	performance improvement: single topology extraction: true
	performance improvement: pre-categorize cell volume: true
	periodic align: 0
	periodic cells: true
	homogenization version: pid
=============================================================

------------------------------------------------------------------------------
+++++++++++++++++++++++++++++++++++++++++++++++++++++
settings for port mode calculation
+++++++++++++++++++++++++++++++++++++++++++++++++++++
PBA fill limit is applied in inverse mode.
PBA fill limit is applied on faces filled with at least 99.00% metal material.
--------------------------------------------------------------
detailed accuracy settings:
--------------------------------------------------------------
augmented fill limit:       true
augmented fill limit value: 99.00
automatic fill limit:       true
early fill limit:           true
inverse fill limit:         true
model complexity:           0.00
legacy 2015:                false
fixed point accuracy:       false
minimum point accuracy:     0
mesh step inheritance:      false
accuracy mode:              
------------------------------------------------------------------------------

--------------------------------------
Glued 0 metal grid points in port area
--------------------------------------

=================================
Finished matrix computation (PBA)
=================================

<<<<<<<<<<<<<<<<<<<<<<<<<<<<<<<<<<<<<<<<<<<<<<<<<<<<<<<<
2022 Jan 15 (Sat):  21:03:29
Resource usage for calculating matrix coefficients:
	Runtime                                 3.35 seconds
	Peak Memory Usage:                        50 MB
<<<<<<<<<<<<<<<<<<<<<<<<<<<<<<<<<<<<<<<<<<<<<<<<<<<<<<<<

--------------------------------
# of staircase filled cells: 0
# of staircase filled areas: 0
# of staircase filled edges: 0
# of faces above fill limit: 0
# of edges with FPBA topology: 0
--------------------------------

>>>>>>>>>>>>>>>>>>>>>>>>>>>>
2022 Jan 15 (Sat):  21:03:35
>>>>>>>>>>>>>>>>>>>>>>>>>>>>

======================================================
 - pinning rule in use   : PINNING_RULE_MCALC_SKIP_ALL
 - desired group         : 0, sockets = 0
 - num cores available   : 4
 - num accessible procs          : 4
 - num logical procs             : 4
 - affinity (main thread)        : 11 11 
 - sockets                       : 0
 - potential cores               : 0,2
 - affinity                      : 11
 - active cores          : 0,2
 - hyperthreading        : on
 - allowed core ids      : 0,2
 - allowed core ids (aff): 10 10 
 - used mask (string)    : 10 10 
======================================================

Version: 2021.4 Release from 2021-05-18 (change 873153) [Release]
Started @ 2022 Jan 15 (Sat):  21:03:35
Workflow: QQ-Facets
Operation: [acis, fpba, bg]
Architecture: Windows, ID: AMD64
System Windows-64bit
Using processor group 0/1
HEX Mesh information:
[Global mesh]
	global O(0 0 0) 	global S(22 11 10) Z(2419)
========================================================================
Processing CAD model (for field results)
	[Improved internal geometry representation]
	[Accuracy improvement for long shapes in inhomogeneous mesh regions]
Version 2021.4 (build 20210518)
PBA version 2021051821
Sub-Workflow: Facets-QQ-GEX
Workflow updated: -
2022 Jan 15 (Sat):  21:03:35
========================================================================

===========================================
Finished CAD processing (for field results)
===========================================

<<<<<<<<<<<<<<<<<<<<<<<<<<<<<<<<<<<<<<<<
2022 Jan 15 (Sat):  21:03:36
Resource usage for processing CAD model:
<<<<<<<<<<<<<<<<<<<<<<<<<<<<<<<<<<<<<<<<

>>>>>>>>>>>>>>>>>>>>>>>>>>>>
2022 Jan 15 (Sat):  21:03:36
>>>>>>>>>>>>>>>>>>>>>>>>>>>>

========================================================================
Processing CAD model
	[Improved internal geometry representation]
	[Accuracy improvement for long shapes in inhomogeneous mesh regions]
Version 2021.4 (build 20210518)
PBA version 2021051821
Sub-Workflow: Facets-QQ-GEX
Workflow updated: -
2022 Jan 15 (Sat):  21:03:36
========================================================================

----------------------------------------------
Used point accuracy enhancement value: 75.00%.
----------------------------------------------

=============================================================================
Mesh statistics:
-----------------------------------------------------------------------------
Minimum edge length (x): 0.601 @ mesh line 10 (x)
Maximum edge length (x): 3.94 @ mesh line 1 (x)
Minimum face area (x): 2.14 @ mesh lines 5 | 0 (y | z)
Maximum face area (x): 12.6 @ mesh lines 8 | 7 (y | z)
Minimum edge length (y): 4 @ mesh line 5 (y)
Maximum edge length (y): 4 @ mesh line 8 (y)
Minimum face area (y): 0.322 @ mesh lines 0 | 10 (z | x)
Maximum face area (y): 12.4 @ mesh lines 7 | 1 (z | x)
Minimum edge length (z): 0.535 @ mesh line 0 (z)
Maximum edge length (z): 3.15 @ mesh line 7 (z)
Minimum face area (z): 2.41 @ mesh lines 10 | 5 (x | y)
Maximum face area (z): 15.8 @ mesh lines 1 | 8 (x | y)
Maximum mesh face aspect ratio (x): 7.48 : 1.0  @ mesh lines 8 | 0 (y | z)
Maximum mesh face aspect ratio (y): 7.37 : 1.0  @ mesh lines 0 | 1 (z | x)
Maximum mesh face aspect ratio (z): 6.65 : 1.0  @ mesh lines 10 | 8 (x | y)
=============================================================================

==============================================================================
Available resources to store TST cells: 2147481227 (88738893.68% of mesh size)
==============================================================================

==========================================================================================================================================================================================================================
== CST Matrix Calculation Priority Log                                                                                                                                                                                  ==
==========================================================================================================================================================================================================================
 
Priorities are sorted in ascending order beginning with the lowest priority
 
Priority-group:   1, shape   4: </cst/Boundaries/> Low^X,   material: Copper (annealed),  user-priority: 0,  material-attributes: pec.rho.surface-impedance,  shape-attributes: boundary,   
Priority-group:   1, shape   5: </cst/Boundaries/> Low^Y,   material: Copper (annealed),  user-priority: 0,  material-attributes: pec.rho.surface-impedance,  shape-attributes: boundary,   
Priority-group:   1, shape   6: </cst/Boundaries/> Low^Z,   material: Copper (annealed),  user-priority: 0,  material-attributes: pec.rho.surface-impedance,  shape-attributes: boundary,   
Priority-group:   1, shape   7: </cst/Boundaries/> Up^X,    material: Copper (annealed),  user-priority: 0,  material-attributes: pec.rho.surface-impedance,  shape-attributes: boundary,   
Priority-group:   1, shape   8: </cst/Boundaries/> Up^Y,    material: Copper (annealed),  user-priority: 0,  material-attributes: pec.rho.surface-impedance,  shape-attributes: boundary,   
Priority-group:   1, shape   9: </cst/Boundaries/> Up^Z,    material: Copper (annealed),  user-priority: 0,  material-attributes: pec.rho.surface-impedance,  shape-attributes: boundary,   
Priority-group:   2, shape   3: substrate:solid1,   material: FR-4 (lossy),   user-priority: 0,  2D/3D-geometry: true, material-attributes: dispersive-eps.dispersive-mue.normal,   shape-attributes: solid,  
Priority-group:   3, shape   1: Transmission line:Transmission line,    material: Copper (annealed),  user-priority: 0,  2D/3D-geometry: true, material-attributes: pec.rho.surface-impedance,  shape-attributes: solid,  
Priority-group:   3, shape   2: Transmission line:solid2,   material: Copper (annealed),  user-priority: 0,  2D/3D-geometry: true, material-attributes: pec.rho.surface-impedance,  shape-attributes: solid,  
 
==========================================================================================================================================================================================================================
 
================================================================================================
General settings
	PBA version: default
------------------------------------------------------------------------------------------------
Geometry processor:default
	Geo accuracy: 75.000000
	PEC background is represented by CAD geometry: false
	Watertightness check: true
	Self intersection check: false
	Inheritance (all): false
	Normal dominance (all): false
	Normal dominance (ports): false
	Flanges hollow: true
	One shape per flange: false
------------------------------------------------------------------------------------------------
Connectivity settings
	Workflow selection: 0
	Workflow version: 20190101
	Gap detection: true
	Gap detection version: 2
	TST version: 2
	QQ workflow: true
	CoCo workflow: true
	Legacy topology: false
	Connectivity check: true
------------------------------------------------------------------------------------------------
Geometry processing log
	no entries
================================================================================================
=======================
Finished CAD processing
=======================

<<<<<<<<<<<<<<<<<<<<<<<<<<<<<<<<<<<<<<<<<<<<<<<
2022 Jan 15 (Sat):  21:03:36
Resource usage for processing CAD model:
	Runtime                        0.18 seconds
	Peak Memory Usage:               19 MB
<<<<<<<<<<<<<<<<<<<<<<<<<<<<<<<<<<<<<<<<<<<<<<<

------------------------------------------------------------
Parallelization Info
------------------------------------------------------------
Hyperthreading active: true
Hyperthreading used: false
Number of concurrent threads: 1
Number of node domains: 1
Domains-to-threads scaling: 2
Average FI domain size: 1e+03
Nice mode: true
Delayed matrix calculation start: false
Load balancing: Version 20090403
Number of mesh fill domains: 2
Memory downscale: 1
CPU load: 50.00%
Emptiness: 0.00%
Hex mesh complexity: 0.00189
Geometric complexity: 0.00092
lower size limit of domain (1D): 60
------------------------------------------------------------
Node order
0
------------------------------------------------------------

------------------------------------------------------------------
Concurrency for parallelized matrix calculation at start: 1/1
Matrix calculation node 0
	Mesh coverage: 189000.00 %
	Estimated peak memory usage per node: 12 MB, tightness: 0.36 %
	Processor group: 0
------------------------------------------------------------------


<<<<<<<<<<<<<<<<<<<<<<<<<<<<<<<<<<<<<<<<<<<<<<<<<<<
2022 Jan 15 (Sat):  21:03:38
Resource usage for calculating matrix coefficients:
<<<<<<<<<<<<<<<<<<<<<<<<<<<<<<<<<<<<<<<<<<<<<<<<<<<

1xN000:  >>>>>>>>>>>>>>>>>>>>>>>>>>>>
         2022 Jan 15 (Sat):  21:03:36
         >>>>>>>>>>>>>>>>>>>>>>>>>>>>

1xN000:  ==========================================================================
          - pinning rule in use   : PINNING_RULE_MCALC_SKIP_ALL
          - desired group         : 0, sockets = 0
          - num cores available   : 4
          - num accessible procs          : 4
          - num logical procs             : 4
          - affinity (main thread)        : 11 11
          - sockets                       : 0
          - potential cores               : 0,1,2,3
          - affinity                      : 1111
          - active cores          : 0,1,2,3
          - hyperthreading        : on
          - skip pinning: + allowed number of sockets = available number of sockets
                          + hyperthreading allowed by solver
         ==========================================================================

1xN000:  Version: 2021.4 Release from 2021-05-18 (change 873153) [Release]
         Started @ 2022 Jan 15 (Sat):  21:03:36
         Workflow: PBA matrix coefficients
         Operation: [fpba, meshfill, bg, port-path, tst, tst-nextgen, coeff, surface-imp, connectivity-tree]
         Architecture: Windows, ID: AMD64
         System Windows-64bit
         Using processor group 0/1
         HEX Mesh information:
         [Global mesh]
         	global O(0 0 0) 	global S(22 11 10) Z(2419)
1xN000:  ================================
         Matrix computation (PBA)
         	[PBA version: default]
         Version 2021.4 (build 20210518)
         PBA version 2021051821
         Sub-Workflow: FARM-1xN-TST2-Node
         Workflow updated: -
         2022 Jan 15 (Sat):  21:03:36
         ================================

1xN000:  ----------------------------------------------
         Used point accuracy enhancement value: 75.00%.
         ----------------------------------------------

1xN000:  FARM allocation scheme: BBM
1xN000:  Gap-Detection activated for FARM-topology. Gaps are resolved, even partially.: gap tolerance value is 0.001 and mesh geometry scale is 0.001
1xN000:



1xN000:
1xN000:  Port homogenization method: M2H point index deviation
1xN000:  cccccccccccccccccccccccccccccccccccccccccccccccccccccccccccccccccccc
         FARM/Meshfill cache is set to 8 (local FI domains: 2, dynamic: true)
         cccccccccccccccccccccccccccccccccccccccccccccccccccccccccccccccccccc

1xN000:  =============================================================
         Hex cell analyzer settings:
         	max number of E fields per mesh edge: 2
         	max number of H fields per mesh face: 4
         	supporting dual grid: false
         	performance improvement: ROI limit: true
         	performance improvement: ROI threshold: 2
         	performance improvement: single topology extraction: true
         	performance improvement: pre-categorize cell volume: true
         	periodic align: 0
         	periodic cells: true
         	homogenization version: pid
         =============================================================

1xN000:  ssssssssssssssssssssssssssssssssssssssssss
         # of curls with SI accuracy enhancement: 0
         ssssssssssssssssssssssssssssssssssssssssss

1xN000:  ------------------------------------------------------------------------------
         PBA fill limit is applied in inverse mode.
         PBA fill limit is applied on faces filled with at least 99.00% metal material.
         --------------------------------------------------------------
         detailed accuracy settings:
         --------------------------------------------------------------
         augmented fill limit:       true
         augmented fill limit value: 99.00
         automatic fill limit:       true
         early fill limit:           true
         inverse fill limit:         true
         model complexity:           0.00
         legacy 2015:                false
         fixed point accuracy:       false
         minimum point accuracy:     0
         mesh step inheritance:      false
         accuracy mode:
         ------------------------------------------------------------------------------

1xN000:  --------------------------------------
         Glued 0 metal grid points in port area
         --------------------------------------

1xN000:  --------------------------------------
         Glued 0 metal grid points in port area
         --------------------------------------

1xN000:  =================================
         Finished matrix computation (PBA)
         =================================

1xN000:  <<<<<<<<<<<<<<<<<<<<<<<<<<<<<<<<<<<<<<<<<<<<<<<<<<<<<<<<<<<<
         2022 Jan 15 (Sat):  21:03:38
         Resource usage for calculating matrix coefficients per node:
         	Runtime                                 1.38 seconds
         	Peak Memory Estimation:                   12 MB
         	Peak Memory Usage:                        27 MB
         <<<<<<<<<<<<<<<<<<<<<<<<<<<<<<<<<<<<<<<<<<<<<<<<<<<<<<<<<<<<



-------------------------------------------------------------------------------------------------------------------
AXG prep time: 0 sec
PBAMeshFeedback - InfoMap: 0[ms] - SBCell navigation: 0[ms] - CornerCorrectionLinesAndWires: 0[ms] - Write: 3[ms]
ConnectivityAXG - Load: 2[ms] - Setup: 1[ms] - Convert: 9[ms] ( Groups: 2 - Shapes: 3 - Threads: 2 ) - Write: 3[ms]
-------------------------------------------------------------------------------------------------------------------

--------------------------------
# of staircase filled cells: 0
# of staircase filled areas: 0
# of staircase filled edges: 0
# of faces above fill limit: 0
# of edges with FPBA topology: 0
--------------------------------

--------------------------------
# of staircase filled cells: 0
# of staircase filled areas: 0
# of staircase filled edges: 0
# of faces above fill limit: 0
# of edges with FPBA topology: 0
--------------------------------

