Port monitor named: Port1_e1.prt

nx        = 20
ny        = 4
nz        = 14

nu        = 12
nv        = 18
iu        = 2
iv        = 2

idir      = 1
dcut      = -4.000000e-002
icut      = 2
type      = 0
frequency = 2.400000e+009

fcutoff   = 0.000000e+000
alpha     = 0.000000e+000
beta      = 9.057969e+001
accuracy  = 2.437895e-010

type          = QTEM
wave imp.     = 2.109181e+002
wave imp.sig. = 3.760265e-008
line imp.     = 4.932931e+001

ref. port     = 0

-0.000000e+000  -0.000000e+000  -0.000000e+000  -0.000000e+000  -0.000000e+000  -0.000000e+000  -0.000000e+000  -0.000000e+000  -0.000000e+000  -0.000000e+000  -0.000000e+000  -0.000000e+000  
-8.604003e+001  -8.128077e+001  -7.227414e+001  -5.998011e+001  -2.156777e+002  -1.820452e+002  -1.437739e+002  -1.056062e+002  -5.302954e+001  1.983812e+001  5.193434e+001  -0.000000e+000  
-2.113499e+002  -1.946188e+002  -1.631342e+002  -1.207311e+002  -3.773118e+002  -2.843682e+002  -1.950336e+002  -1.194047e+002  -3.070607e+001  5.944113e+001  8.682269e+001  -0.000000e+000  
-5.092571e+002  -4.601173e+002  -3.665172e+002  -2.391808e+002  -6.057401e+002  -3.748832e+002  -1.931171e+002  -6.811209e+001  4.926424e+001  1.232834e+002  1.295470e+002  -0.000000e+000  
-8.484934e+002  -7.650296e+002  -5.988169e+002  -3.593939e+002  -7.232885e+002  -3.475726e+002  -1.074033e+002  2.766837e+001  1.296131e+002  1.644899e+002  1.519687e+002  -0.000000e+000  
-1.403211e+003  -1.283662e+003  -1.020287e+003  -5.800850e+002  -7.705986e+002  -1.850630e+002  8.352013e+001  1.908556e+002  2.384919e+002  2.098553e+002  1.739459e+002  -0.000000e+000  
-2.275672e+003  -2.183662e+003  -1.909283e+003  -1.179050e+003  -4.615146e+002  3.009170e+002  4.404204e+002  4.328731e+002  3.699779e+002  2.559973e+002  1.942063e+002  -0.000000e+000  
-3.388527e+003  -3.562763e+003  -3.999858e+003  -4.949470e+003  2.630012e+003  1.424188e+003  9.486477e+002  7.110640e+002  5.004790e+002  2.969037e+002  2.109002e+002  -0.000000e+000  
-4.192993e+003  -4.321646e+003  -4.571507e+003  -4.912107e+003  2.273419e+003  1.705710e+003  1.259963e+003  9.476190e+002  6.311171e+002  3.375393e+002  2.265469e+002  -0.000000e+000  
-4.192993e+003  -4.321646e+003  -4.571507e+003  -4.912107e+003  2.273419e+003  1.705710e+003  1.259963e+003  9.476190e+002  6.311171e+002  3.375393e+002  2.265469e+002  -0.000000e+000  
-3.388527e+003  -3.562763e+003  -3.999858e+003  -4.949470e+003  2.630012e+003  1.424188e+003  9.486477e+002  7.110640e+002  5.004790e+002  2.969037e+002  2.109002e+002  -0.000000e+000  
-2.275672e+003  -2.183662e+003  -1.909283e+003  -1.179050e+003  -4.615146e+002  3.009170e+002  4.404204e+002  4.328731e+002  3.699779e+002  2.559973e+002  1.942063e+002  -0.000000e+000  
-1.403211e+003  -1.283662e+003  -1.020287e+003  -5.800850e+002  -7.705986e+002  -1.850630e+002  8.352013e+001  1.908556e+002  2.384919e+002  2.098553e+002  1.739459e+002  -0.000000e+000  
-8.484934e+002  -7.650296e+002  -5.988169e+002  -3.593939e+002  -7.232885e+002  -3.475726e+002  -1.074033e+002  2.766837e+001  1.296131e+002  1.644899e+002  1.519687e+002  -0.000000e+000  
-5.092571e+002  -4.601173e+002  -3.665172e+002  -2.391808e+002  -6.057401e+002  -3.748832e+002  -1.931171e+002  -6.811209e+001  4.926424e+001  1.232834e+002  1.295470e+002  -0.000000e+000  
-2.113499e+002  -1.946188e+002  -1.631342e+002  -1.207311e+002  -3.773118e+002  -2.843682e+002  -1.950336e+002  -1.194047e+002  -3.070607e+001  5.944113e+001  8.682269e+001  -0.000000e+000  
-8.604003e+001  -8.128077e+001  -7.227414e+001  -5.998011e+001  -2.156777e+002  -1.820452e+002  -1.437739e+002  -1.056062e+002  -5.302954e+001  1.983812e+001  5.193434e+001  -0.000000e+000  
-0.000000e+000  -0.000000e+000  -0.000000e+000  -0.000000e+000  -0.000000e+000  -0.000000e+000  -0.000000e+000  -0.000000e+000  -0.000000e+000  -0.000000e+000  -0.000000e+000  -0.000000e+000  

-0.000000e+000  -3.639951e+000  -6.793399e+000  -9.028455e+000  -1.001561e+001  -3.851507e+001  -6.154917e+001  -7.835564e+001  -8.897005e+001  -9.323723e+001  -5.609656e+001  -0.000000e+000  
-0.000000e+000  -3.223627e+001  -6.077777e+001  -8.238687e+001  -9.472249e+001  -1.652975e+002  -2.069598e+002  -2.238546e+002  -2.227558e+002  -1.864799e+002  -8.672315e+001  -0.000000e+000  
-0.000000e+000  -8.504706e+001  -1.600324e+002  -2.157402e+002  -2.451066e+002  -3.477752e+002  -3.827232e+002  -3.726315e+002  -3.389012e+002  -2.454721e+002  -9.986930e+001  -0.000000e+000  
-0.000000e+000  -2.026424e+002  -3.839015e+002  -5.199479e+002  -5.862494e+002  -6.909576e+002  -6.528374e+002  -5.580078e+002  -4.544627e+002  -2.814233e+002  -1.016426e+002  -0.000000e+000  
-0.000000e+000  -3.362617e+002  -6.499589e+002  -9.030253e+002  -1.031025e+003  -1.064697e+003  -8.913568e+002  -6.916513e+002  -5.211840e+002  -2.922109e+002  -9.805701e+001  -0.000000e+000  
-0.000000e+000  -5.288942e+002  -1.074443e+003  -1.612628e+003  -1.971462e+003  -1.651343e+003  -1.159652e+003  -7.980677e+002  -5.518217e+002  -2.815973e+002  -8.850104e+001  -0.000000e+000  
-0.000000e+000  -6.778280e+002  -1.519086e+003  -2.797234e+003  -4.503546e+003  -2.419946e+003  -1.298992e+003  -7.890175e+002  -5.082099e+002  -2.419974e+002  -7.228833e+001  -0.000000e+000  
-0.000000e+000  -3.195934e+002  -6.206478e+002  -8.459541e+002  -0.000000e+000  -8.777738e+002  -6.898149e+002  -4.839340e+002  -3.274215e+002  -1.535452e+002  -4.397663e+001  -0.000000e+000  
-0.000000e+000  -0.000000e+000  -0.000000e+000  -0.000000e+000  -0.000000e+000  -0.000000e+000  -0.000000e+000  -0.000000e+000  -0.000000e+000  -0.000000e+000  -0.000000e+000  -0.000000e+000  
-0.000000e+000  3.195934e+002  6.206478e+002  8.459541e+002  -0.000000e+000  8.777738e+002  6.898149e+002  4.839340e+002  3.274215e+002  1.535452e+002  4.397663e+001  -0.000000e+000  
-0.000000e+000  6.778280e+002  1.519086e+003  2.797234e+003  4.503546e+003  2.419946e+003  1.298992e+003  7.890175e+002  5.082099e+002  2.419974e+002  7.228833e+001  -0.000000e+000  
-0.000000e+000  5.288942e+002  1.074443e+003  1.612628e+003  1.971462e+003  1.651343e+003  1.159652e+003  7.980677e+002  5.518217e+002  2.815973e+002  8.850104e+001  -0.000000e+000  
-0.000000e+000  3.362617e+002  6.499589e+002  9.030253e+002  1.031025e+003  1.064697e+003  8.913568e+002  6.916513e+002  5.211840e+002  2.922109e+002  9.805701e+001  -0.000000e+000  
-0.000000e+000  2.026424e+002  3.839015e+002  5.199479e+002  5.862494e+002  6.909576e+002  6.528374e+002  5.580078e+002  4.544627e+002  2.814233e+002  1.016426e+002  -0.000000e+000  
-0.000000e+000  8.504706e+001  1.600324e+002  2.157402e+002  2.451066e+002  3.477752e+002  3.827232e+002  3.726315e+002  3.389012e+002  2.454721e+002  9.986930e+001  -0.000000e+000  
-0.000000e+000  3.223627e+001  6.077777e+001  8.238687e+001  9.472249e+001  1.652975e+002  2.069598e+002  2.238546e+002  2.227558e+002  1.864799e+002  8.672315e+001  -0.000000e+000  
-0.000000e+000  3.639951e+000  6.793399e+000  9.028455e+000  1.001561e+001  3.851507e+001  6.154917e+001  7.835564e+001  8.897005e+001  9.323723e+001  5.609656e+001  -0.000000e+000  
-0.000000e+000  -0.000000e+000  -0.000000e+000  -0.000000e+000  -0.000000e+000  -0.000000e+000  -0.000000e+000  -0.000000e+000  -0.000000e+000  -0.000000e+000  -0.000000e+000  -0.000000e+000  

0.000000e+000  0.000000e+000  0.000000e+000  0.000000e+000  0.000000e+000  0.000000e+000  0.000000e+000  0.000000e+000  0.000000e+000  0.000000e+000  0.000000e+000  0.000000e+000  
0.000000e+000  0.000000e+000  0.000000e+000  0.000000e+000  0.000000e+000  0.000000e+000  0.000000e+000  0.000000e+000  0.000000e+000  0.000000e+000  0.000000e+000  0.000000e+000  
0.000000e+000  0.000000e+000  0.000000e+000  0.000000e+000  0.000000e+000  0.000000e+000  0.000000e+000  0.000000e+000  0.000000e+000  0.000000e+000  0.000000e+000  0.000000e+000  
0.000000e+000  0.000000e+000  0.000000e+000  0.000000e+000  0.000000e+000  0.000000e+000  0.000000e+000  0.000000e+000  0.000000e+000  0.000000e+000  0.000000e+000  0.000000e+000  
0.000000e+000  0.000000e+000  0.000000e+000  0.000000e+000  0.000000e+000  0.000000e+000  0.000000e+000  0.000000e+000  0.000000e+000  0.000000e+000  0.000000e+000  0.000000e+000  
0.000000e+000  0.000000e+000  0.000000e+000  0.000000e+000  0.000000e+000  0.000000e+000  0.000000e+000  0.000000e+000  0.000000e+000  0.000000e+000  0.000000e+000  0.000000e+000  
0.000000e+000  0.000000e+000  0.000000e+000  0.000000e+000  0.000000e+000  0.000000e+000  0.000000e+000  0.000000e+000  0.000000e+000  0.000000e+000  0.000000e+000  0.000000e+000  
0.000000e+000  0.000000e+000  0.000000e+000  0.000000e+000  0.000000e+000  0.000000e+000  0.000000e+000  0.000000e+000  0.000000e+000  0.000000e+000  0.000000e+000  0.000000e+000  
0.000000e+000  0.000000e+000  0.000000e+000  0.000000e+000  0.000000e+000  0.000000e+000  0.000000e+000  0.000000e+000  0.000000e+000  0.000000e+000  0.000000e+000  0.000000e+000  
0.000000e+000  0.000000e+000  0.000000e+000  0.000000e+000  0.000000e+000  0.000000e+000  0.000000e+000  0.000000e+000  0.000000e+000  0.000000e+000  0.000000e+000  0.000000e+000  
0.000000e+000  0.000000e+000  0.000000e+000  0.000000e+000  0.000000e+000  0.000000e+000  0.000000e+000  0.000000e+000  0.000000e+000  0.000000e+000  0.000000e+000  0.000000e+000  
0.000000e+000  0.000000e+000  0.000000e+000  0.000000e+000  0.000000e+000  0.000000e+000  0.000000e+000  0.000000e+000  0.000000e+000  0.000000e+000  0.000000e+000  0.000000e+000  
0.000000e+000  0.000000e+000  0.000000e+000  0.000000e+000  0.000000e+000  0.000000e+000  0.000000e+000  0.000000e+000  0.000000e+000  0.000000e+000  0.000000e+000  0.000000e+000  
0.000000e+000  0.000000e+000  0.000000e+000  0.000000e+000  0.000000e+000  0.000000e+000  0.000000e+000  0.000000e+000  0.000000e+000  0.000000e+000  0.000000e+000  0.000000e+000  
0.000000e+000  0.000000e+000  0.000000e+000  0.000000e+000  0.000000e+000  0.000000e+000  0.000000e+000  0.000000e+000  0.000000e+000  0.000000e+000  0.000000e+000  0.000000e+000  
0.000000e+000  0.000000e+000  0.000000e+000  0.000000e+000  0.000000e+000  0.000000e+000  0.000000e+000  0.000000e+000  0.000000e+000  0.000000e+000  0.000000e+000  0.000000e+000  
0.000000e+000  0.000000e+000  0.000000e+000  0.000000e+000  0.000000e+000  0.000000e+000  0.000000e+000  0.000000e+000  0.000000e+000  0.000000e+000  0.000000e+000  0.000000e+000  
0.000000e+000  0.000000e+000  0.000000e+000  0.000000e+000  0.000000e+000  0.000000e+000  0.000000e+000  0.000000e+000  0.000000e+000  0.000000e+000  0.000000e+000  0.000000e+000  

0.000000e+000  0.000000e+000  0.000000e+000  0.000000e+000  0.000000e+000  0.000000e+000  0.000000e+000  0.000000e+000  0.000000e+000  0.000000e+000  0.000000e+000  0.000000e+000  
0.000000e+000  0.000000e+000  0.000000e+000  0.000000e+000  0.000000e+000  0.000000e+000  0.000000e+000  0.000000e+000  0.000000e+000  0.000000e+000  0.000000e+000  0.000000e+000  
0.000000e+000  0.000000e+000  0.000000e+000  0.000000e+000  0.000000e+000  0.000000e+000  0.000000e+000  0.000000e+000  0.000000e+000  0.000000e+000  0.000000e+000  0.000000e+000  
0.000000e+000  0.000000e+000  0.000000e+000  0.000000e+000  0.000000e+000  0.000000e+000  0.000000e+000  0.000000e+000  0.000000e+000  0.000000e+000  0.000000e+000  0.000000e+000  
0.000000e+000  0.000000e+000  0.000000e+000  0.000000e+000  0.000000e+000  0.000000e+000  0.000000e+000  0.000000e+000  0.000000e+000  0.000000e+000  0.000000e+000  0.000000e+000  
0.000000e+000  0.000000e+000  0.000000e+000  0.000000e+000  0.000000e+000  0.000000e+000  0.000000e+000  0.000000e+000  0.000000e+000  0.000000e+000  0.000000e+000  0.000000e+000  
0.000000e+000  0.000000e+000  0.000000e+000  0.000000e+000  0.000000e+000  0.000000e+000  0.000000e+000  0.000000e+000  0.000000e+000  0.000000e+000  0.000000e+000  0.000000e+000  
0.000000e+000  0.000000e+000  0.000000e+000  0.000000e+000  0.000000e+000  0.000000e+000  0.000000e+000  0.000000e+000  0.000000e+000  0.000000e+000  0.000000e+000  0.000000e+000  
0.000000e+000  0.000000e+000  0.000000e+000  0.000000e+000  0.000000e+000  0.000000e+000  0.000000e+000  0.000000e+000  0.000000e+000  0.000000e+000  0.000000e+000  0.000000e+000  
0.000000e+000  0.000000e+000  0.000000e+000  0.000000e+000  0.000000e+000  0.000000e+000  0.000000e+000  0.000000e+000  0.000000e+000  0.000000e+000  0.000000e+000  0.000000e+000  
0.000000e+000  0.000000e+000  0.000000e+000  0.000000e+000  0.000000e+000  0.000000e+000  0.000000e+000  0.000000e+000  0.000000e+000  0.000000e+000  0.000000e+000  0.000000e+000  
0.000000e+000  0.000000e+000  0.000000e+000  0.000000e+000  0.000000e+000  0.000000e+000  0.000000e+000  0.000000e+000  0.000000e+000  0.000000e+000  0.000000e+000  0.000000e+000  
0.000000e+000  0.000000e+000  0.000000e+000  0.000000e+000  0.000000e+000  0.000000e+000  0.000000e+000  0.000000e+000  0.000000e+000  0.000000e+000  0.000000e+000  0.000000e+000  
0.000000e+000  0.000000e+000  0.000000e+000  0.000000e+000  0.000000e+000  0.000000e+000  0.000000e+000  0.000000e+000  0.000000e+000  0.000000e+000  0.000000e+000  0.000000e+000  
0.000000e+000  0.000000e+000  0.000000e+000  0.000000e+000  0.000000e+000  0.000000e+000  0.000000e+000  0.000000e+000  0.000000e+000  0.000000e+000  0.000000e+000  0.000000e+000  
0.000000e+000  0.000000e+000  0.000000e+000  0.000000e+000  0.000000e+000  0.000000e+000  0.000000e+000  0.000000e+000  0.000000e+000  0.000000e+000  0.000000e+000  0.000000e+000  
0.000000e+000  0.000000e+000  0.000000e+000  0.000000e+000  0.000000e+000  0.000000e+000  0.000000e+000  0.000000e+000  0.000000e+000  0.000000e+000  0.000000e+000  0.000000e+000  
0.000000e+000  0.000000e+000  0.000000e+000  0.000000e+000  0.000000e+000  0.000000e+000  0.000000e+000  0.000000e+000  0.000000e+000  0.000000e+000  0.000000e+000  0.000000e+000  

0.000000e+000  0.000000e+000  0.000000e+000  0.000000e+000  0.000000e+000  0.000000e+000  0.000000e+000  0.000000e+000  0.000000e+000  0.000000e+000  0.000000e+000  0.000000e+000  
0.000000e+000  0.000000e+000  0.000000e+000  0.000000e+000  0.000000e+000  0.000000e+000  0.000000e+000  0.000000e+000  0.000000e+000  0.000000e+000  0.000000e+000  0.000000e+000  
0.000000e+000  0.000000e+000  0.000000e+000  0.000000e+000  0.000000e+000  0.000000e+000  0.000000e+000  0.000000e+000  0.000000e+000  0.000000e+000  0.000000e+000  0.000000e+000  
0.000000e+000  0.000000e+000  0.000000e+000  0.000000e+000  0.000000e+000  0.000000e+000  0.000000e+000  0.000000e+000  0.000000e+000  0.000000e+000  0.000000e+000  0.000000e+000  
0.000000e+000  0.000000e+000  0.000000e+000  0.000000e+000  0.000000e+000  0.000000e+000  0.000000e+000  0.000000e+000  0.000000e+000  0.000000e+000  0.000000e+000  0.000000e+000  
0.000000e+000  0.000000e+000  0.000000e+000  0.000000e+000  0.000000e+000  0.000000e+000  0.000000e+000  0.000000e+000  0.000000e+000  0.000000e+000  0.000000e+000  0.000000e+000  
0.000000e+000  0.000000e+000  0.000000e+000  0.000000e+000  0.000000e+000  0.000000e+000  0.000000e+000  0.000000e+000  0.000000e+000  0.000000e+000  0.000000e+000  0.000000e+000  
0.000000e+000  0.000000e+000  0.000000e+000  0.000000e+000  0.000000e+000  0.000000e+000  0.000000e+000  0.000000e+000  0.000000e+000  0.000000e+000  0.000000e+000  0.000000e+000  
0.000000e+000  0.000000e+000  0.000000e+000  0.000000e+000  0.000000e+000  0.000000e+000  0.000000e+000  0.000000e+000  0.000000e+000  0.000000e+000  0.000000e+000  0.000000e+000  
0.000000e+000  0.000000e+000  0.000000e+000  0.000000e+000  0.000000e+000  0.000000e+000  0.000000e+000  0.000000e+000  0.000000e+000  0.000000e+000  0.000000e+000  0.000000e+000  
0.000000e+000  0.000000e+000  0.000000e+000  0.000000e+000  0.000000e+000  0.000000e+000  0.000000e+000  0.000000e+000  0.000000e+000  0.000000e+000  0.000000e+000  0.000000e+000  
0.000000e+000  0.000000e+000  0.000000e+000  0.000000e+000  0.000000e+000  0.000000e+000  0.000000e+000  0.000000e+000  0.000000e+000  0.000000e+000  0.000000e+000  0.000000e+000  
0.000000e+000  0.000000e+000  0.000000e+000  0.000000e+000  0.000000e+000  0.000000e+000  0.000000e+000  0.000000e+000  0.000000e+000  0.000000e+000  0.000000e+000  0.000000e+000  
0.000000e+000  0.000000e+000  0.000000e+000  0.000000e+000  0.000000e+000  0.000000e+000  0.000000e+000  0.000000e+000  0.000000e+000  0.000000e+000  0.000000e+000  0.000000e+000  
0.000000e+000  0.000000e+000  0.000000e+000  0.000000e+000  0.000000e+000  0.000000e+000  0.000000e+000  0.000000e+000  0.000000e+000  0.000000e+000  0.000000e+000  0.000000e+000  
0.000000e+000  0.000000e+000  0.000000e+000  0.000000e+000  0.000000e+000  0.000000e+000  0.000000e+000  0.000000e+000  0.000000e+000  0.000000e+000  0.000000e+000  0.000000e+000  
0.000000e+000  0.000000e+000  0.000000e+000  0.000000e+000  0.000000e+000  0.000000e+000  0.000000e+000  0.000000e+000  0.000000e+000  0.000000e+000  0.000000e+000  0.000000e+000  
0.000000e+000  0.000000e+000  0.000000e+000  0.000000e+000  0.000000e+000  0.000000e+000  0.000000e+000  0.000000e+000  0.000000e+000  0.000000e+000  0.000000e+000  0.000000e+000  

-0.000000e+000  -0.000000e+000  -0.000000e+000  -0.000000e+000  -0.000000e+000  -0.000000e+000  -0.000000e+000  -0.000000e+000  -0.000000e+000  -0.000000e+000  -0.000000e+000  -0.000000e+000  
-0.000000e+000  -5.965642e+000  -1.187067e+001  -1.765129e+001  -2.323798e+001  -2.153781e+001  -1.950055e+001  -1.733627e+001  -1.518517e+001  -1.117481e+001  -4.965397e+000  -0.000000e+000  
-0.000000e+000  -9.193373e+000  -1.837052e+001  -2.749765e+001  -3.650749e+001  -3.198288e+001  -2.755967e+001  -2.351166e+001  -1.992178e+001  -1.407361e+001  -6.140556e+000  -0.000000e+000  
-0.000000e+000  -1.254856e+001  -2.530772e+001  -3.843833e+001  -5.199465e+001  -4.232216e+001  -3.437227e+001  -2.806958e+001  -2.306439e+001  -1.586599e+001  -6.914093e+000  -0.000000e+000  
-0.000000e+000  -1.338609e+001  -2.728949e+001  -4.218885e+001  -5.842136e+001  -4.504840e+001  -3.542055e+001  -2.849464e+001  -2.330629e+001  -1.614255e+001  -7.129407e+000  -0.000000e+000  
-0.000000e+000  -1.286740e+001  -2.665842e+001  -4.243569e+001  -6.136720e+001  -4.412255e+001  -3.384091e+001  -2.724320e+001  -2.252833e+001  -1.601773e+001  -7.240797e+000  -0.000000e+000  
-0.000000e+000  -9.901570e+000  -2.077044e+001  -3.434559e+001  -5.470466e+001  -3.621029e+001  -2.858005e+001  -2.412998e+001  -2.080718e+001  -1.557571e+001  -7.270699e+000  -0.000000e+000  
-0.000000e+000  -4.370290e+000  -7.712679e+000  -8.302904e+000  -0.000000e+000  -1.728280e+001  -2.013791e+001  -1.992264e+001  -1.865422e+001  -1.499365e+001  -7.250536e+000  -0.000000e+000  
-0.000000e+000  -1.151330e+000  -1.780197e+000  -1.446322e+000  -0.000000e+000  -8.322338e+000  -1.339111e+001  -1.566429e+001  -1.618991e+001  -1.425735e+001  -7.191210e+000  -0.000000e+000  
-0.000000e+000  -1.151330e+000  -1.780197e+000  -1.446322e+000  -0.000000e+000  -8.322338e+000  -1.339111e+001  -1.566429e+001  -1.618991e+001  -1.425735e+001  -7.191210e+000  -0.000000e+000  
-0.000000e+000  -4.370290e+000  -7.712679e+000  -8.302904e+000  -0.000000e+000  -1.728280e+001  -2.013791e+001  -1.992264e+001  -1.865422e+001  -1.499365e+001  -7.250536e+000  -0.000000e+000  
-0.000000e+000  -9.901570e+000  -2.077044e+001  -3.434559e+001  -5.470466e+001  -3.621029e+001  -2.858005e+001  -2.412998e+001  -2.080718e+001  -1.557571e+001  -7.270699e+000  -0.000000e+000  
-0.000000e+000  -1.286740e+001  -2.665842e+001  -4.243569e+001  -6.136720e+001  -4.412255e+001  -3.384091e+001  -2.724320e+001  -2.252833e+001  -1.601773e+001  -7.240797e+000  -0.000000e+000  
-0.000000e+000  -1.338609e+001  -2.728949e+001  -4.218885e+001  -5.842136e+001  -4.504840e+001  -3.542055e+001  -2.849464e+001  -2.330629e+001  -1.614255e+001  -7.129407e+000  -0.000000e+000  
-0.000000e+000  -1.254856e+001  -2.530772e+001  -3.843833e+001  -5.199465e+001  -4.232216e+001  -3.437227e+001  -2.806958e+001  -2.306439e+001  -1.586599e+001  -6.914093e+000  -0.000000e+000  
-0.000000e+000  -9.193373e+000  -1.837052e+001  -2.749765e+001  -3.650749e+001  -3.198288e+001  -2.755967e+001  -2.351166e+001  -1.992178e+001  -1.407361e+001  -6.140556e+000  -0.000000e+000  
-0.000000e+000  -5.965642e+000  -1.187067e+001  -1.765129e+001  -2.323798e+001  -2.153781e+001  -1.950055e+001  -1.733627e+001  -1.518517e+001  -1.117481e+001  -4.965397e+000  -0.000000e+000  
-0.000000e+000  -0.000000e+000  -0.000000e+000  -0.000000e+000  -0.000000e+000  -0.000000e+000  -0.000000e+000  -0.000000e+000  -0.000000e+000  -0.000000e+000  -0.000000e+000  -0.000000e+000  

