Port monitor named: Port1_h1[2.4].prt

nx        = 20
ny        = 4
nz        = 14

nu        = 12
nv        = 18
iu        = 2
iv        = 2

idir      = 1
dcut      = -4.000000e-002
icut      = 2
type      = 1
frequency = 2.400000e+009

fcutoff   = 0.000000e+000
alpha     = 0.000000e+000
beta      = 9.057969e+001
accuracy  = 2.437895e-010

type          = QTEM
wave imp.     = 2.109181e+002
wave imp.sig. = 3.760265e-008
line imp.     = 4.932931e+001

ref. port     = 0

-0.000000e+000  1.014099e-001  1.996408e-001  2.917297e-001  3.751226e-001  4.874081e-001  5.688219e-001  6.186789e-001  6.391233e-001  6.030448e-001  3.380678e-001  -0.000000e+000  
-0.000000e+000  2.863122e-001  5.567816e-001  7.971610e-001  9.963535e-001  1.218002e+000  1.319410e+000  1.323001e+000  1.258810e+000  1.010126e+000  4.626783e-001  -0.000000e+000  
-0.000000e+000  5.439700e-001  1.049137e+000  1.479422e+000  1.806037e+000  2.085916e+000  2.108499e+000  1.967899e+000  1.748690e+000  1.246786e+000  5.090649e-001  -0.000000e+000  
-0.000000e+000  1.037254e+000  1.997421e+000  2.792638e+000  3.328817e+000  3.526149e+000  3.206462e+000  2.702114e+000  2.192159e+000  1.367868e+000  5.034941e-001  -0.000000e+000  
-0.000000e+000  1.564842e+000  3.055115e+000  4.336704e+000  5.169671e+000  5.013422e+000  4.131287e+000  3.203580e+000  2.427534e+000  1.386548e+000  4.778407e-001  -0.000000e+000  
-0.000000e+000  2.287340e+000  4.657832e+000  7.051586e+000  8.882722e+000  7.251084e+000  5.116049e+000  3.562028e+000  2.497985e+000  1.310155e+000  4.254645e-001  -0.000000e+000  
-0.000000e+000  2.790965e+000  6.201148e+000  1.125651e+001  1.838658e+001  1.003073e+001  5.523818e+000  3.429940e+000  2.254462e+000  1.109497e+000  3.439028e-001  -0.000000e+000  
-0.000000e+000  1.356654e+000  2.651543e+000  3.679418e+000  -0.000000e+000  3.719748e+000  2.938902e+000  2.086987e+000  1.434164e+000  6.948328e-001  2.070575e-001  -0.000000e+000  
-0.000000e+000  -2.998080e-009  6.979308e-009  -2.364461e-009  -0.000000e+000  1.616663e-010  2.092582e-010  7.480588e-010  1.350080e-009  1.219242e-009  3.225824e-010  -0.000000e+000  
-0.000000e+000  -1.356654e+000  -2.651543e+000  -3.679418e+000  -0.000000e+000  -3.719748e+000  -2.938902e+000  -2.086987e+000  -1.434164e+000  -6.948328e-001  -2.070575e-001  -0.000000e+000  
-0.000000e+000  -2.790965e+000  -6.201148e+000  -1.125651e+001  -1.838658e+001  -1.003073e+001  -5.523818e+000  -3.429940e+000  -2.254462e+000  -1.109497e+000  -3.439028e-001  -0.000000e+000  
-0.000000e+000  -2.287340e+000  -4.657832e+000  -7.051586e+000  -8.882722e+000  -7.251084e+000  -5.116049e+000  -3.562028e+000  -2.497985e+000  -1.310155e+000  -4.254645e-001  -0.000000e+000  
-0.000000e+000  -1.564842e+000  -3.055115e+000  -4.336704e+000  -5.169671e+000  -5.013422e+000  -4.131287e+000  -3.203580e+000  -2.427534e+000  -1.386548e+000  -4.778407e-001  -0.000000e+000  
-0.000000e+000  -1.037253e+000  -1.997421e+000  -2.792638e+000  -3.328817e+000  -3.526150e+000  -3.206462e+000  -2.702114e+000  -2.192159e+000  -1.367868e+000  -5.034941e-001  -0.000000e+000  
-0.000000e+000  -5.439700e-001  -1.049137e+000  -1.479422e+000  -1.806037e+000  -2.085916e+000  -2.108499e+000  -1.967899e+000  -1.748690e+000  -1.246786e+000  -5.090649e-001  -0.000000e+000  
-0.000000e+000  -2.863122e-001  -5.567816e-001  -7.971610e-001  -9.963535e-001  -1.218002e+000  -1.319410e+000  -1.323001e+000  -1.258810e+000  -1.010126e+000  -4.626783e-001  -0.000000e+000  
-0.000000e+000  -1.014099e-001  -1.996408e-001  -2.917297e-001  -3.751226e-001  -4.874081e-001  -5.688219e-001  -6.186789e-001  -6.391233e-001  -6.030448e-001  -3.380678e-001  -0.000000e+000  
-0.000000e+000  -0.000000e+000  -0.000000e+000  -0.000000e+000  -0.000000e+000  -0.000000e+000  -0.000000e+000  -0.000000e+000  -0.000000e+000  -0.000000e+000  -0.000000e+000  -0.000000e+000  

-0.000000e+000  -0.000000e+000  -0.000000e+000  -0.000000e+000  -0.000000e+000  -0.000000e+000  -0.000000e+000  -0.000000e+000  -0.000000e+000  -0.000000e+000  -0.000000e+000  -0.000000e+000  
-1.198312e+000  -1.167567e+000  -1.108101e+000  -1.023750e+000  -8.914102e-001  -7.029796e-001  -5.096178e-001  -3.282573e-001  -8.891515e-002  2.236059e-001  3.512264e-001  -0.000000e+000  
-2.223126e+000  -2.141011e+000  -1.983914e+000  -1.765754e+000  -1.432220e+000  -9.962686e-001  -6.000411e-001  -2.761322e-001  9.320697e-002  4.486564e-001  5.423655e-001  -0.000000e+000  
-4.089774e+000  -3.882670e+000  -3.484263e+000  -2.931756e+000  -2.101620e+000  -1.139494e+000  -4.058359e-001  8.520296e-002  5.308740e-001  7.749538e-001  7.626315e-001  -0.000000e+000  
-5.821825e+000  -5.491114e+000  -4.828010e+000  -3.859443e+000  -2.359802e+000  -8.712381e-001  5.502607e-002  5.580689e-001  9.135206e-001  9.731923e-001  8.742732e-001  -0.000000e+000  
-8.404956e+000  -7.955364e+000  -6.958469e+000  -5.270427e+000  -2.268193e+000  -4.078070e-002  9.407089e-001  1.299248e+000  1.407162e+000  1.185141e+000  9.816346e-001  -0.000000e+000  
-1.218406e+001  -1.187187e+001  -1.091736e+001  -8.321828e+000  -6.881985e-001  2.064611e+000  2.470441e+000  2.341848e+000  1.983179e+000  1.395913e+000  1.079100e+000  -0.000000e+000  
-1.677380e+001  -1.747104e+001  -1.919727e+001  -2.288401e+001  1.151052e+001  6.573329e+000  4.552224e+000  3.503002e+000  2.542514e+000  1.579793e+000  1.158479e+000  -0.000000e+000  
-2.019449e+001  -2.074053e+001  -2.180785e+001  -2.328917e+001  1.014446e+001  7.737331e+000  5.836091e+000  4.486502e+000  3.096057e+000  1.759992e+000  1.232040e+000  -0.000000e+000  
-2.019449e+001  -2.074053e+001  -2.180785e+001  -2.328917e+001  1.014446e+001  7.737331e+000  5.836091e+000  4.486502e+000  3.096057e+000  1.759992e+000  1.232040e+000  -0.000000e+000  
-1.677380e+001  -1.747104e+001  -1.919727e+001  -2.288401e+001  1.151052e+001  6.573329e+000  4.552224e+000  3.503002e+000  2.542514e+000  1.579793e+000  1.158479e+000  -0.000000e+000  
-1.218406e+001  -1.187187e+001  -1.091736e+001  -8.321829e+000  -6.881985e-001  2.064611e+000  2.470441e+000  2.341848e+000  1.983179e+000  1.395913e+000  1.079100e+000  -0.000000e+000  
-8.404956e+000  -7.955364e+000  -6.958469e+000  -5.270427e+000  -2.268193e+000  -4.078070e-002  9.407089e-001  1.299248e+000  1.407162e+000  1.185141e+000  9.816346e-001  -0.000000e+000  
-5.821825e+000  -5.491114e+000  -4.828010e+000  -3.859443e+000  -2.359802e+000  -8.712381e-001  5.502606e-002  5.580689e-001  9.135206e-001  9.731923e-001  8.742732e-001  -0.000000e+000  
-4.089774e+000  -3.882670e+000  -3.484263e+000  -2.931756e+000  -2.101620e+000  -1.139494e+000  -4.058359e-001  8.520296e-002  5.308740e-001  7.749538e-001  7.626315e-001  -0.000000e+000  
-2.223126e+000  -2.141011e+000  -1.983914e+000  -1.765754e+000  -1.432220e+000  -9.962686e-001  -6.000411e-001  -2.761322e-001  9.320698e-002  4.486564e-001  5.423655e-001  -0.000000e+000  
-1.198312e+000  -1.167567e+000  -1.108101e+000  -1.023750e+000  -8.914102e-001  -7.029796e-001  -5.096178e-001  -3.282573e-001  -8.891515e-002  2.236059e-001  3.512264e-001  -0.000000e+000  
-0.000000e+000  -0.000000e+000  -0.000000e+000  -0.000000e+000  -0.000000e+000  -0.000000e+000  -0.000000e+000  -0.000000e+000  -0.000000e+000  -0.000000e+000  -0.000000e+000  -0.000000e+000  

0.000000e+000  0.000000e+000  0.000000e+000  0.000000e+000  0.000000e+000  0.000000e+000  0.000000e+000  0.000000e+000  0.000000e+000  0.000000e+000  0.000000e+000  0.000000e+000  
0.000000e+000  0.000000e+000  0.000000e+000  0.000000e+000  0.000000e+000  0.000000e+000  0.000000e+000  0.000000e+000  0.000000e+000  0.000000e+000  0.000000e+000  0.000000e+000  
0.000000e+000  0.000000e+000  0.000000e+000  0.000000e+000  0.000000e+000  0.000000e+000  0.000000e+000  0.000000e+000  0.000000e+000  0.000000e+000  0.000000e+000  0.000000e+000  
0.000000e+000  0.000000e+000  0.000000e+000  0.000000e+000  0.000000e+000  0.000000e+000  0.000000e+000  0.000000e+000  0.000000e+000  0.000000e+000  0.000000e+000  0.000000e+000  
0.000000e+000  0.000000e+000  0.000000e+000  0.000000e+000  0.000000e+000  0.000000e+000  0.000000e+000  0.000000e+000  0.000000e+000  0.000000e+000  0.000000e+000  0.000000e+000  
0.000000e+000  0.000000e+000  0.000000e+000  0.000000e+000  0.000000e+000  0.000000e+000  0.000000e+000  0.000000e+000  0.000000e+000  0.000000e+000  0.000000e+000  0.000000e+000  
0.000000e+000  0.000000e+000  0.000000e+000  0.000000e+000  0.000000e+000  0.000000e+000  0.000000e+000  0.000000e+000  0.000000e+000  0.000000e+000  0.000000e+000  0.000000e+000  
0.000000e+000  0.000000e+000  0.000000e+000  0.000000e+000  0.000000e+000  0.000000e+000  0.000000e+000  0.000000e+000  0.000000e+000  0.000000e+000  0.000000e+000  0.000000e+000  
0.000000e+000  0.000000e+000  0.000000e+000  0.000000e+000  0.000000e+000  0.000000e+000  0.000000e+000  0.000000e+000  0.000000e+000  0.000000e+000  0.000000e+000  0.000000e+000  
0.000000e+000  0.000000e+000  0.000000e+000  0.000000e+000  0.000000e+000  0.000000e+000  0.000000e+000  0.000000e+000  0.000000e+000  0.000000e+000  0.000000e+000  0.000000e+000  
0.000000e+000  0.000000e+000  0.000000e+000  0.000000e+000  0.000000e+000  0.000000e+000  0.000000e+000  0.000000e+000  0.000000e+000  0.000000e+000  0.000000e+000  0.000000e+000  
0.000000e+000  0.000000e+000  0.000000e+000  0.000000e+000  0.000000e+000  0.000000e+000  0.000000e+000  0.000000e+000  0.000000e+000  0.000000e+000  0.000000e+000  0.000000e+000  
0.000000e+000  0.000000e+000  0.000000e+000  0.000000e+000  0.000000e+000  0.000000e+000  0.000000e+000  0.000000e+000  0.000000e+000  0.000000e+000  0.000000e+000  0.000000e+000  
0.000000e+000  0.000000e+000  0.000000e+000  0.000000e+000  0.000000e+000  0.000000e+000  0.000000e+000  0.000000e+000  0.000000e+000  0.000000e+000  0.000000e+000  0.000000e+000  
0.000000e+000  0.000000e+000  0.000000e+000  0.000000e+000  0.000000e+000  0.000000e+000  0.000000e+000  0.000000e+000  0.000000e+000  0.000000e+000  0.000000e+000  0.000000e+000  
0.000000e+000  0.000000e+000  0.000000e+000  0.000000e+000  0.000000e+000  0.000000e+000  0.000000e+000  0.000000e+000  0.000000e+000  0.000000e+000  0.000000e+000  0.000000e+000  
0.000000e+000  0.000000e+000  0.000000e+000  0.000000e+000  0.000000e+000  0.000000e+000  0.000000e+000  0.000000e+000  0.000000e+000  0.000000e+000  0.000000e+000  0.000000e+000  
0.000000e+000  0.000000e+000  0.000000e+000  0.000000e+000  0.000000e+000  0.000000e+000  0.000000e+000  0.000000e+000  0.000000e+000  0.000000e+000  0.000000e+000  0.000000e+000  

0.000000e+000  0.000000e+000  0.000000e+000  0.000000e+000  0.000000e+000  0.000000e+000  0.000000e+000  0.000000e+000  0.000000e+000  0.000000e+000  0.000000e+000  0.000000e+000  
0.000000e+000  0.000000e+000  0.000000e+000  0.000000e+000  0.000000e+000  0.000000e+000  0.000000e+000  0.000000e+000  0.000000e+000  0.000000e+000  0.000000e+000  0.000000e+000  
0.000000e+000  0.000000e+000  0.000000e+000  0.000000e+000  0.000000e+000  0.000000e+000  0.000000e+000  0.000000e+000  0.000000e+000  0.000000e+000  0.000000e+000  0.000000e+000  
0.000000e+000  0.000000e+000  0.000000e+000  0.000000e+000  0.000000e+000  0.000000e+000  0.000000e+000  0.000000e+000  0.000000e+000  0.000000e+000  0.000000e+000  0.000000e+000  
0.000000e+000  0.000000e+000  0.000000e+000  0.000000e+000  0.000000e+000  0.000000e+000  0.000000e+000  0.000000e+000  0.000000e+000  0.000000e+000  0.000000e+000  0.000000e+000  
0.000000e+000  0.000000e+000  0.000000e+000  0.000000e+000  0.000000e+000  0.000000e+000  0.000000e+000  0.000000e+000  0.000000e+000  0.000000e+000  0.000000e+000  0.000000e+000  
0.000000e+000  0.000000e+000  0.000000e+000  0.000000e+000  0.000000e+000  0.000000e+000  0.000000e+000  0.000000e+000  0.000000e+000  0.000000e+000  0.000000e+000  0.000000e+000  
0.000000e+000  0.000000e+000  0.000000e+000  0.000000e+000  0.000000e+000  0.000000e+000  0.000000e+000  0.000000e+000  0.000000e+000  0.000000e+000  0.000000e+000  0.000000e+000  
0.000000e+000  0.000000e+000  0.000000e+000  0.000000e+000  0.000000e+000  0.000000e+000  0.000000e+000  0.000000e+000  0.000000e+000  0.000000e+000  0.000000e+000  0.000000e+000  
0.000000e+000  0.000000e+000  0.000000e+000  0.000000e+000  0.000000e+000  0.000000e+000  0.000000e+000  0.000000e+000  0.000000e+000  0.000000e+000  0.000000e+000  0.000000e+000  
0.000000e+000  0.000000e+000  0.000000e+000  0.000000e+000  0.000000e+000  0.000000e+000  0.000000e+000  0.000000e+000  0.000000e+000  0.000000e+000  0.000000e+000  0.000000e+000  
0.000000e+000  0.000000e+000  0.000000e+000  0.000000e+000  0.000000e+000  0.000000e+000  0.000000e+000  0.000000e+000  0.000000e+000  0.000000e+000  0.000000e+000  0.000000e+000  
0.000000e+000  0.000000e+000  0.000000e+000  0.000000e+000  0.000000e+000  0.000000e+000  0.000000e+000  0.000000e+000  0.000000e+000  0.000000e+000  0.000000e+000  0.000000e+000  
0.000000e+000  0.000000e+000  0.000000e+000  0.000000e+000  0.000000e+000  0.000000e+000  0.000000e+000  0.000000e+000  0.000000e+000  0.000000e+000  0.000000e+000  0.000000e+000  
0.000000e+000  0.000000e+000  0.000000e+000  0.000000e+000  0.000000e+000  0.000000e+000  0.000000e+000  0.000000e+000  0.000000e+000  0.000000e+000  0.000000e+000  0.000000e+000  
0.000000e+000  0.000000e+000  0.000000e+000  0.000000e+000  0.000000e+000  0.000000e+000  0.000000e+000  0.000000e+000  0.000000e+000  0.000000e+000  0.000000e+000  0.000000e+000  
0.000000e+000  0.000000e+000  0.000000e+000  0.000000e+000  0.000000e+000  0.000000e+000  0.000000e+000  0.000000e+000  0.000000e+000  0.000000e+000  0.000000e+000  0.000000e+000  
0.000000e+000  0.000000e+000  0.000000e+000  0.000000e+000  0.000000e+000  0.000000e+000  0.000000e+000  0.000000e+000  0.000000e+000  0.000000e+000  0.000000e+000  0.000000e+000  

0.000000e+000  0.000000e+000  0.000000e+000  0.000000e+000  0.000000e+000  0.000000e+000  0.000000e+000  0.000000e+000  0.000000e+000  0.000000e+000  0.000000e+000  0.000000e+000  
0.000000e+000  0.000000e+000  0.000000e+000  0.000000e+000  0.000000e+000  0.000000e+000  0.000000e+000  0.000000e+000  0.000000e+000  0.000000e+000  0.000000e+000  0.000000e+000  
0.000000e+000  0.000000e+000  0.000000e+000  0.000000e+000  0.000000e+000  0.000000e+000  0.000000e+000  0.000000e+000  0.000000e+000  0.000000e+000  0.000000e+000  0.000000e+000  
0.000000e+000  0.000000e+000  0.000000e+000  0.000000e+000  0.000000e+000  0.000000e+000  0.000000e+000  0.000000e+000  0.000000e+000  0.000000e+000  0.000000e+000  0.000000e+000  
0.000000e+000  0.000000e+000  0.000000e+000  0.000000e+000  0.000000e+000  0.000000e+000  0.000000e+000  0.000000e+000  0.000000e+000  0.000000e+000  0.000000e+000  0.000000e+000  
0.000000e+000  0.000000e+000  0.000000e+000  0.000000e+000  0.000000e+000  0.000000e+000  0.000000e+000  0.000000e+000  0.000000e+000  0.000000e+000  0.000000e+000  0.000000e+000  
0.000000e+000  0.000000e+000  0.000000e+000  0.000000e+000  0.000000e+000  0.000000e+000  0.000000e+000  0.000000e+000  0.000000e+000  0.000000e+000  0.000000e+000  0.000000e+000  
0.000000e+000  0.000000e+000  0.000000e+000  0.000000e+000  0.000000e+000  0.000000e+000  0.000000e+000  0.000000e+000  0.000000e+000  0.000000e+000  0.000000e+000  0.000000e+000  
0.000000e+000  0.000000e+000  0.000000e+000  0.000000e+000  0.000000e+000  0.000000e+000  0.000000e+000  0.000000e+000  0.000000e+000  0.000000e+000  0.000000e+000  0.000000e+000  
0.000000e+000  0.000000e+000  0.000000e+000  0.000000e+000  0.000000e+000  0.000000e+000  0.000000e+000  0.000000e+000  0.000000e+000  0.000000e+000  0.000000e+000  0.000000e+000  
0.000000e+000  0.000000e+000  0.000000e+000  0.000000e+000  0.000000e+000  0.000000e+000  0.000000e+000  0.000000e+000  0.000000e+000  0.000000e+000  0.000000e+000  0.000000e+000  
0.000000e+000  0.000000e+000  0.000000e+000  0.000000e+000  0.000000e+000  0.000000e+000  0.000000e+000  0.000000e+000  0.000000e+000  0.000000e+000  0.000000e+000  0.000000e+000  
0.000000e+000  0.000000e+000  0.000000e+000  0.000000e+000  0.000000e+000  0.000000e+000  0.000000e+000  0.000000e+000  0.000000e+000  0.000000e+000  0.000000e+000  0.000000e+000  
0.000000e+000  0.000000e+000  0.000000e+000  0.000000e+000  0.000000e+000  0.000000e+000  0.000000e+000  0.000000e+000  0.000000e+000  0.000000e+000  0.000000e+000  0.000000e+000  
0.000000e+000  0.000000e+000  0.000000e+000  0.000000e+000  0.000000e+000  0.000000e+000  0.000000e+000  0.000000e+000  0.000000e+000  0.000000e+000  0.000000e+000  0.000000e+000  
0.000000e+000  0.000000e+000  0.000000e+000  0.000000e+000  0.000000e+000  0.000000e+000  0.000000e+000  0.000000e+000  0.000000e+000  0.000000e+000  0.000000e+000  0.000000e+000  
0.000000e+000  0.000000e+000  0.000000e+000  0.000000e+000  0.000000e+000  0.000000e+000  0.000000e+000  0.000000e+000  0.000000e+000  0.000000e+000  0.000000e+000  0.000000e+000  
0.000000e+000  0.000000e+000  0.000000e+000  0.000000e+000  0.000000e+000  0.000000e+000  0.000000e+000  0.000000e+000  0.000000e+000  0.000000e+000  0.000000e+000  0.000000e+000  

-7.314408e-001  -7.286024e-001  -7.229291e-001  -7.144326e-001  -6.982928e-001  -6.732114e-001  -6.453658e-001  -6.160592e-001  -5.716801e-001  -4.909044e-001  -4.320440e-001  -0.000000e+000  
-8.803564e-001  -8.773858e-001  -8.711699e-001  -8.612071e-001  -8.290845e-001  -7.723358e-001  -7.132575e-001  -6.554205e-001  -5.741315e-001  -4.465778e-001  -3.694019e-001  -0.000000e+000  
-9.834541e-001  -9.832758e-001  -9.820145e-001  -9.779563e-001  -9.313092e-001  -8.396768e-001  -7.497292e-001  -6.671042e-001  -5.579741e-001  -4.044491e-001  -3.210482e-001  -0.000000e+000  
-1.058891e+000  -1.067845e+000  -1.083636e+000  -1.101858e+000  -1.037094e+000  -8.910406e-001  -7.603343e-001  -6.508613e-001  -5.178694e-001  -3.525321e-001  -2.710176e-001  -0.000000e+000  
-1.084787e+000  -1.105312e+000  -1.143880e+000  -1.194129e+000  -1.112571e+000  -9.119809e-001  -7.478873e-001  -6.206810e-001  -4.757180e-001  -3.098985e-001  -2.330785e-001  -0.000000e+000  
-1.056131e+000  -1.094715e+000  -1.172695e+000  -1.287537e+000  -1.178937e+000  -8.983831e-001  -6.999676e-001  -5.610203e-001  -4.138477e-001  -2.585670e-001  -1.905722e-001  -0.000000e+000  
-9.242646e-001  -9.788035e-001  -1.102977e+000  -1.337507e+000  -1.179403e+000  -8.029405e-001  -5.927378e-001  -4.607066e-001  -3.291930e-001  -1.985968e-001  -1.438925e-001  -0.000000e+000  
-5.742000e-001  -5.984394e-001  -6.448986e-001  -7.058566e-001  -6.112431e-001  -4.699526e-001  -3.580041e-001  -2.779985e-001  -1.948682e-001  -1.135905e-001  -8.080797e-002  -0.000000e+000  
-1.450350e-010  -2.899225e-010  -0.000000e+000  -1.184344e-010  1.283776e-010  9.196712e-011  4.631378e-011  -0.000000e+000  2.101961e-011  2.921124e-011  -3.848318e-011  -0.000000e+000  
5.742000e-001  5.984394e-001  6.448986e-001  7.058566e-001  6.112431e-001  4.699526e-001  3.580041e-001  2.779985e-001  1.948682e-001  1.135905e-001  8.080797e-002  -0.000000e+000  
9.242646e-001  9.788035e-001  1.102977e+000  1.337507e+000  1.179403e+000  8.029405e-001  5.927378e-001  4.607066e-001  3.291930e-001  1.985968e-001  1.438925e-001  -0.000000e+000  
1.056131e+000  1.094715e+000  1.172695e+000  1.287537e+000  1.178937e+000  8.983831e-001  6.999676e-001  5.610203e-001  4.138477e-001  2.585670e-001  1.905722e-001  -0.000000e+000  
1.084787e+000  1.105312e+000  1.143880e+000  1.194129e+000  1.112571e+000  9.119809e-001  7.478873e-001  6.206810e-001  4.757180e-001  3.098985e-001  2.330785e-001  -0.000000e+000  
1.058891e+000  1.067845e+000  1.083636e+000  1.101858e+000  1.037094e+000  8.910406e-001  7.603343e-001  6.508613e-001  5.178694e-001  3.525321e-001  2.710176e-001  -0.000000e+000  
9.834541e-001  9.832758e-001  9.820145e-001  9.779563e-001  9.313092e-001  8.396768e-001  7.497292e-001  6.671042e-001  5.579741e-001  4.044491e-001  3.210482e-001  -0.000000e+000  
8.803564e-001  8.773858e-001  8.711699e-001  8.612071e-001  8.290845e-001  7.723358e-001  7.132575e-001  6.554205e-001  5.741315e-001  4.465778e-001  3.694019e-001  -0.000000e+000  
7.314408e-001  7.286024e-001  7.229291e-001  7.144326e-001  6.982928e-001  6.732114e-001  6.453658e-001  6.160592e-001  5.716801e-001  4.909044e-001  4.320440e-001  -0.000000e+000  
-0.000000e+000  -0.000000e+000  -0.000000e+000  -0.000000e+000  -0.000000e+000  -0.000000e+000  -0.000000e+000  -0.000000e+000  -0.000000e+000  -0.000000e+000  -0.000000e+000  -0.000000e+000  

