>>>>>>>>>>>>>>>>>>>>>>>>>>>>
2021 Nov 29 (Mon):  16:55:21
>>>>>>>>>>>>>>>>>>>>>>>>>>>>

======================================================
 - pinning rule in use   : PINNING_RULE_MCALC_SKIP_ALL
 - desired group         : 0, sockets = 0
 - num cores available   : 4
 - num accessible procs          : 4
 - num logical procs             : 4
 - affinity (main thread)        : 11 11 
 - sockets                       : 0
 - potential cores               : 0,2
 - affinity                      : 11
 - active cores          : 0,2
 - hyperthreading        : on
 - allowed core ids      : 0,2
 - allowed core ids (aff): 10 10 
 - used mask (string)    : 10 10 
======================================================

Version: 2021.4 Release from 2021-05-18 (change 873153) [Release]
Started @ 2021 Nov 29 (Mon):  16:55:21
Workflow: QQ-Facets
Operation: [acis, fpba, bg]
Architecture: Windows, ID: AMD64
System Windows-64bit
Using processor group 0/1
HEX Mesh information:
[Global mesh]
	global O(0 0 0) 	global S(56 45 18) Z(45359)
========================================================================
Processing CAD model (for field results)
	[Improved internal geometry representation]
	[Accuracy improvement for long shapes in inhomogeneous mesh regions]
Version 2021.4 (build 20210518)
PBA version 2021051821
Sub-Workflow: Facets-QQ-GEX
Workflow updated: -
2021 Nov 29 (Mon):  16:55:21
========================================================================

===========================================
Finished CAD processing (for field results)
===========================================

<<<<<<<<<<<<<<<<<<<<<<<<<<<<<<<<<<<<<<<<<<<<<<<
2021 Nov 29 (Mon):  16:55:21
Resource usage for processing CAD model:
	Runtime                        0.33 seconds
	Peak Memory Usage:               19 MB
<<<<<<<<<<<<<<<<<<<<<<<<<<<<<<<<<<<<<<<<<<<<<<<

-----------------------------------------------------------------------------------------------------------------
AXG prep time: 0 sec
PBAMeshFeedback - InfoMap: 0[ms] - SBCell navigation: 0[ms] - CornerCorrectionLinesAndWires: 0[ms] - Write: 1[ms]
-----------------------------------------------------------------------------------------------------------------

>>>>>>>>>>>>>>>>>>>>>>>>>>>>
2021 Nov 29 (Mon):  16:55:53
>>>>>>>>>>>>>>>>>>>>>>>>>>>>

======================================================
 - pinning rule in use   : PINNING_RULE_MCALC_SKIP_ALL
 - desired group         : 0, sockets = 0
 - num cores available   : 4
 - num accessible procs          : 4
 - num logical procs             : 4
 - affinity (main thread)        : 11 11 
 - sockets                       : 0
 - potential cores               : 0,2
 - affinity                      : 11
 - active cores          : 0,2
 - hyperthreading        : on
 - allowed core ids      : 0,2
 - allowed core ids (aff): 10 10 
 - used mask (string)    : 10 10 
======================================================

Version: 2021.4 Release from 2021-05-18 (change 873153) [Release]
Started @ 2021 Nov 29 (Mon):  16:55:53
Workflow: QQ-Facets
Operation: [acis, fpba, bg]
Architecture: Windows, ID: AMD64
System Windows-64bit
Using processor group 0/1
HEX Mesh information:
[Global mesh]
	global O(0 0 0) 	global S(56 45 18) Z(45359)
========================================================================
Processing CAD model
	[Improved internal geometry representation]
	[Accuracy improvement for long shapes in inhomogeneous mesh regions]
Version 2021.4 (build 20210518)
PBA version 2021051821
Sub-Workflow: Facets-QQ
Workflow updated: -
2021 Nov 29 (Mon):  16:55:53
========================================================================

----------------------------------------------
Used point accuracy enhancement value: 75.00%.
----------------------------------------------

=============================================================================
Mesh statistics:
-----------------------------------------------------------------------------
Minimum edge length (x): 0.7 @ mesh line 24 (x)
Maximum edge length (x): 8 @ mesh line 54 (x)
Minimum face area (x): 0.955 @ mesh lines 16 | 7 (y | z)
Maximum face area (x): 78.2 @ mesh lines 0 | 16 (y | z)
Minimum edge length (y): 1.19 @ mesh line 16 (y)
Maximum edge length (y): 8.84 @ mesh line 0 (y)
Minimum face area (y): 0.56 @ mesh lines 7 | 24 (z | x)
Maximum face area (y): 70.7 @ mesh lines 16 | 54 (z | x)
Minimum edge length (z): 0.8 @ mesh line 7 (z)
Maximum edge length (z): 8.84 @ mesh line 16 (z)
Minimum face area (z): 0.835 @ mesh lines 24 | 16 (x | y)
Maximum face area (z): 70.7 @ mesh lines 54 | 0 (x | y)
Maximum mesh face aspect ratio (x): 11.1 : 1.0  @ mesh lines 0 | 7 (y | z)
Maximum mesh face aspect ratio (y): 12.6 : 1.0  @ mesh lines 16 | 24 (z | x)
Maximum mesh face aspect ratio (z): 12.6 : 1.0  @ mesh lines 24 | 0 (x | y)
=============================================================================

=============================================================================
Available resources to store TST cells: 2147438287 (4734211.39% of mesh size)
=============================================================================

======================================================================================================================================================================================================
== CST Matrix Calculation Priority Log                                                                                                                                                              ==
======================================================================================================================================================================================================
 
Priorities are sorted in ascending order beginning with the lowest priority
 
Priority-group:   1, shape   5: </cst/Boundaries/> Low^X,   material: $NFSMaterial$,  user-priority: 0,  material-attributes: normal.vacuum,  shape-attributes: boundary,   
Priority-group:   1, shape   6: </cst/Boundaries/> Low^Y,   material: $NFSMaterial$,  user-priority: 0,  material-attributes: normal.vacuum,  shape-attributes: boundary,   
Priority-group:   1, shape   7: </cst/Boundaries/> Low^Z,   material: $NFSMaterial$,  user-priority: 0,  material-attributes: normal.vacuum,  shape-attributes: boundary,   
Priority-group:   1, shape   8: </cst/Boundaries/> Up^X,    material: $NFSMaterial$,  user-priority: 0,  material-attributes: normal.vacuum,  shape-attributes: boundary,   
Priority-group:   1, shape   9: </cst/Boundaries/> Up^Y,    material: $NFSMaterial$,  user-priority: 0,  material-attributes: normal.vacuum,  shape-attributes: boundary,   
Priority-group:   1, shape  10: </cst/Boundaries/> Up^Z,    material: $NFSMaterial$,  user-priority: 0,  material-attributes: normal.vacuum,  shape-attributes: boundary,   
Priority-group:   2, shape   2: patch:Dielectiric,  material: FR-4 (loss free),   user-priority: 0,  2D/3D-geometry: true, material-attributes: normal, shape-attributes: solid,  
Priority-group:   3, shape   1: patch:Antenna,  material: Copper (annealed),  user-priority: 0,  2D/3D-geometry: true, material-attributes: pec.rho.surface-impedance,  shape-attributes: solid,  
Priority-group:   3, shape   3: patch:Ground,   material: Copper (annealed),  user-priority: 0,  2D/3D-geometry: true, material-attributes: pec.rho.surface-impedance,  shape-attributes: solid,  
Priority-group:   3, shape   4: patch:transmisson,  material: Copper (annealed),  user-priority: 0,  2D/3D-geometry: true, material-attributes: pec.rho.surface-impedance,  shape-attributes: solid,  
 
======================================================================================================================================================================================================
 
================================================================================================
General settings
	PBA version: default
------------------------------------------------------------------------------------------------
Geometry processor:default
	Geo accuracy: 75.000000
	PEC background is represented by CAD geometry: false
	Watertightness check: true
	Self intersection check: false
	Inheritance (all): false
	Normal dominance (all): false
	Normal dominance (ports): false
	Flanges hollow: true
	One shape per flange: false
------------------------------------------------------------------------------------------------
Connectivity settings
	Workflow selection: 0
	Workflow version: 20190101
	Gap detection: true
	Gap detection version: 2
	TST version: 2
	QQ workflow: true
	CoCo workflow: true
	Legacy topology: false
	Connectivity check: true
------------------------------------------------------------------------------------------------
Geometry processing log
	no entries
================================================================================================
=======================
Finished CAD processing
=======================

<<<<<<<<<<<<<<<<<<<<<<<<<<<<<<<<<<<<<<<<<<<<<<<
2021 Nov 29 (Mon):  16:55:53
Resource usage for processing CAD model:
	Runtime                        0.37 seconds
	Peak Memory Usage:               19 MB
<<<<<<<<<<<<<<<<<<<<<<<<<<<<<<<<<<<<<<<<<<<<<<<

------------------------------------------------------------
Parallelization Info
------------------------------------------------------------
Hyperthreading active: true
Hyperthreading used: false
Number of concurrent threads: 1
Number of node domains: 1
Domains-to-threads scaling: 2
Average FI domain size: 6e+03
Nice mode: true
Delayed matrix calculation start: false
Load balancing: Version 20090403
Number of mesh fill domains: 8
Memory downscale: 1
CPU load: 50.00%
Emptiness: 0.00%
Hex mesh complexity: 0.04114
Geometric complexity: 0.00152
lower size limit of domain (1D): 60
------------------------------------------------------------
Node order
0
------------------------------------------------------------

------------------------------------------------------------------
Concurrency for parallelized matrix calculation at start: 1/1
Matrix calculation node 0
	Mesh coverage: 4114000.00 %
	Estimated peak memory usage per node: 33 MB, tightness: 0.86 %
	Processor group: 0
------------------------------------------------------------------


<<<<<<<<<<<<<<<<<<<<<<<<<<<<<<<<<<<<<<<<<<<<<<<<<<<
2021 Nov 29 (Mon):  16:56:02
Resource usage for calculating matrix coefficients:
<<<<<<<<<<<<<<<<<<<<<<<<<<<<<<<<<<<<<<<<<<<<<<<<<<<

1xN000:  >>>>>>>>>>>>>>>>>>>>>>>>>>>>
         2021 Nov 29 (Mon):  16:55:54
         >>>>>>>>>>>>>>>>>>>>>>>>>>>>

1xN000:  ==========================================================================
          - pinning rule in use   : PINNING_RULE_MCALC_SKIP_ALL
          - desired group         : 0, sockets = 0
          - num cores available   : 4
          - num accessible procs          : 4
          - num logical procs             : 4
          - affinity (main thread)        : 11 11
          - sockets                       : 0
          - potential cores               : 0,1,2,3
          - affinity                      : 1111
          - active cores          : 0,1,2,3
          - hyperthreading        : on
          - skip pinning: + allowed number of sockets = available number of sockets
                          + hyperthreading allowed by solver
         ==========================================================================

1xN000:  Version: 2021.4 Release from 2021-05-18 (change 873153) [Release]
         Started @ 2021 Nov 29 (Mon):  16:55:54
         Workflow: PBA matrix coefficients
         Operation: [fpba, meshfill, bg, port-path, tst, tst-nextgen, coeff, surface-imp, connectivity-tree]
         Architecture: Windows, ID: AMD64
         System Windows-64bit
         Using processor group 0/1
         HEX Mesh information:
         [Global mesh]
         	global O(0 0 0) 	global S(56 45 18) Z(45359)
1xN000:  ================================
         Matrix computation (PBA)
         	[PBA version: default]
         Version 2021.4 (build 20210518)
         PBA version 2021051821
         Sub-Workflow: FARM-1xN-TST2-Node
         Workflow updated: -
         2021 Nov 29 (Mon):  16:55:54
         ================================

1xN000:  ----------------------------------------------
         Used point accuracy enhancement value: 75.00%.
         ----------------------------------------------

1xN000:  FARM allocation scheme: BBM
1xN000:  Gap-Detection activated for FARM-topology. Gaps are resolved, even partially.: gap tolerance value is 0.001 and mesh geometry scale is 0.001
1xN000:



1xN000:
1xN000:  Port homogenization method: M2H point index deviation
1xN000:  cccccccccccccccccccccccccccccccccccccccccccccccccccccccccccccccccccc
         FARM/Meshfill cache is set to 8 (local FI domains: 8, dynamic: true)
         cccccccccccccccccccccccccccccccccccccccccccccccccccccccccccccccccccc

1xN000:  =============================================================
         Hex cell analyzer settings:
         	max number of E fields per mesh edge: 2
         	max number of H fields per mesh face: 4
         	supporting dual grid: false
         	performance improvement: ROI limit: true
         	performance improvement: ROI threshold: 2
         	performance improvement: single topology extraction: true
         	performance improvement: pre-categorize cell volume: true
         	periodic align: 0
         	periodic cells: true
         	homogenization version: pid
         =============================================================

1xN000:  ssssssssssssssssssssssssssssssssssssssssss
         # of curls with SI accuracy enhancement: 0
         ssssssssssssssssssssssssssssssssssssssssss

1xN000:  ------------------------------------------------------------------------------
         PBA fill limit is applied in inverse mode.
         PBA fill limit is applied on faces filled with at least 99.00% metal material.
         --------------------------------------------------------------
         detailed accuracy settings:
         --------------------------------------------------------------
         augmented fill limit:       true
         augmented fill limit value: 99.00
         automatic fill limit:       true
         early fill limit:           true
         inverse fill limit:         true
         model complexity:           0.00
         legacy 2015:                false
         fixed point accuracy:       false
         minimum point accuracy:     0
         mesh step inheritance:      false
         accuracy mode:
         ------------------------------------------------------------------------------

1xN000:  --------------------------------------
         Glued 0 metal grid points in port area
         --------------------------------------

1xN000:  =================================
         Finished matrix computation (PBA)
         =================================

1xN000:  <<<<<<<<<<<<<<<<<<<<<<<<<<<<<<<<<<<<<<<<<<<<<<<<<<<<<<<<<<<<
         2021 Nov 29 (Mon):  16:56:02
         Resource usage for calculating matrix coefficients per node:
         	Runtime                                 8.28 seconds
         	Peak Memory Estimation:                   33 MB
         	Peak Memory Usage:                        72 MB
         <<<<<<<<<<<<<<<<<<<<<<<<<<<<<<<<<<<<<<<<<<<<<<<<<<<<<<<<<<<<



-------------------------------------------------------------------------------------------------------------------
AXG prep time: 0 sec
PBAMeshFeedback - InfoMap: 0[ms] - SBCell navigation: 0[ms] - CornerCorrectionLinesAndWires: 0[ms] - Write: 1[ms]
ConnectivityAXG - Load: 1[ms] - Setup: 1[ms] - Convert: 1[ms] ( Groups: 3 - Shapes: 4 - Threads: 2 ) - Write: 1[ms]
-------------------------------------------------------------------------------------------------------------------

--------------------------------
# of staircase filled cells: 0
# of staircase filled areas: 0
# of staircase filled edges: 0
# of faces above fill limit: 0
# of edges with FPBA topology: 0
--------------------------------

