29/Nov/2021 16:55:19  Defined reference frequency for open boundary condition (2.4 GHz) is larger
                      than the lowest relevant system frequency (monitor at 2 GHz).
                      Please check open boundary settings to ensure accurate monitor results for the
                      lowest frequency of interest.
                      
                      ------------------------------------------------------------------------------
29/Nov/2021 16:55:19  *** Warning ***
                      
                      This software is licensed for personal and educational purposes only.
                      
                      ------------------------------------------------------------------------------
29/Nov/2021 16:55:51  *** Warning ***
                      
                      This software is licensed for personal and educational purposes only.
                      
                      ------------------------------------------------------------------------------
29/Nov/2021 16:55:51  The following farfield monitor(s) have been adjusted to model box [-41.3038,
                      41.3038, -47.4626, 41.3038, -1.30414, 18.0096].
                        farfield (f=2), farfield (f=2.4), farfield (f=2.8). More...
                      
                      ------------------------------------------------------------------------------
29/Nov/2021 16:55:52  
                      Solver started at: 04:55 PM Monday, 29. November 2021 (Türkiye Standart Saati)
                      
                        Module:  Time Domain: S-Parameter (Win 64)
                        Version: 2021.4 Release from 2021-05-18 (change 873153)
                      

                      ------------------------------------------------------------------------------

                      ------------------------------------------------------------------------------
29/Nov/2021 16:55:52  ======================================================================
                       Solver cycle: 1
                      ======================================================================
                      
                      Stimulation at port 1 (mode 1) 
                      
                      
                      
                      ------------------------------------------------------------------------------
29/Nov/2021 16:55:52  Units settings: 
                      
                        Dimensions: mm
                        Frequency:  GHz
                        Time:       ns
                      
                      ------------------------------------------------------------------------------
29/Nov/2021 16:56:06  Mesh statistics:
                      
                         Hexahedral mesh type: PBA [Version: default]
                      
                         Parallelization type: domain decomposition
                            Number of parallel working threads: 1
                            Number of calculation domains used: 1
                      
                         Used point accuracy enhancement value: 75.00%.
                         PBA fill limit: 99.00% (inverse)

29/Nov/2021 16:56:07  Using generalized port mode solver.
                      
                      ------------------------------------------------------------------------------
29/Nov/2021 16:56:07  Using electric shielding for port 1.
                      
                      ------------------------------------------------------------------------------
29/Nov/2021 16:56:08  Boundary conditions: 
                      
                        YZsymmetry: none
                        XZsymmetry: none
                        XYsymmetry: none
                      
                        Xmin: expanded open, 4 Layer, depth 31.98 mm
                        Xmax: expanded open, 4 Layer, depth 31.98 mm
                      
                        Ymin: expanded open, 4 Layer, depth 35.3621 mm
                        Ymax: expanded open, 4 Layer, depth 31.98 mm
                      
                        Zmin: expanded open, 4 Layer, depth 32.0423 mm
                        Zmax: expanded open, 4 Layer, depth 35.3621 mm
                      
                        PML-Type: Convolution PML
                      
                      ------------------------------------------------------------------------------
29/Nov/2021 16:56:08  Frequency settings: 
                      
                        Fmin:         2
                        Fmax:         2.8
                        Nfsteps(lin): 1001
                      
                      ------------------------------------------------------------------------------
29/Nov/2021 16:56:08  Field update statistics:
                      
                        Number of components in total: 	259265
                        Number of TST elements:		243
                        Number of lossy metal components:	6626
                      
                      Subcycling state:      Automatically deactivated
                      
                      ------------------------------------------------------------------------------
29/Nov/2021 16:56:08  Waveguide boundaries:
                      
29/Nov/2021 16:56:08  Port: 1
                      
29/Nov/2021 16:56:08    -------------------------------- F-Calc 2.4 --------------------------------
                        Port   Mode   Type        Z-Wave        Z-Wave-Sigma  Z-Line        F-Cutoff
                        1      1      QTEM        211           2.21e-009     49.7          ---
                        ----------------------------------------------------------------------------
                      
29/Nov/2021 16:56:08  Using standard absorber for unconsidered modes at port 1.
                      
                      ------------------------------------------------------------------------------
29/Nov/2021 16:56:47  
                      --------------------------------------------------------------------------------
29/Nov/2021 16:56:47  Steady state energy criterion met, solver finished successfully.
                      
                      ------------------------------------------------------------------------------
29/Nov/2021 16:56:47  Frequency domain results normalized to default signal.
                      
                      
                      ------------------------------------------------------------------------------
29/Nov/2021 16:56:47  
                        ----------------------------------------------------------------------------
                                            Peak memory used (kB)         Free physical memory (kB) 
                                                                          At begin     Minimum      
                        ----------------------------------------------------------------------------
                        Matrices calc.      70312                         3747070      3709960      
                        Solver run total    62820                         3795848      3710312      
                        ----------------------------------------------------------------------------
                      
                      --------------------------------------------------------------------------------
                      Solver Statistics:
                      
                        Hardware:
                           Computer name:                 	DESKTOP-M6SA3VS 
                      
                           Number of CPU threads:               2
                           Hardware info:                  	Hardware Accelerator Device not activated
                      
                        Number of mesh cells:             	41140
                        Excitation duration:              	8.88637187e+000 ns 
                        Calculation time for excitation:  	0 	s
                        Number of calculated pulse widths:	1.82809 
                        Steady state accuracy limit:      	-40	dB 
                        Simulated number of time steps:   	8905 
                        Maximum number of time steps:     	97424 
                        Time step width:
                           without subcycles:             	1.824264323e-003 ns
                           used:                          	1.824264323e-003 ns
                      
                        Matrix calculation time:          	14 	s
                        Solver setup time:                	3 	s
                        Solver loop time:                 	35 	s
                        Solver post-processing time:      	1 	s
                                                          	------------
                        Total solver time:                	53 	s
                      
                      ------------------------------------------------------------------------------
29/Nov/2021 16:56:47  
                        Adaptive port meshing time:          	32     	s
                        Total solver time (all cycles):      	53     	s
                        solver initialization and clean-up:  	2      	s
                                                             	------------
                        Total simulation time:               	87     	s  ( = 0 h, 1 m, 27 s )
                      
                      ------------------------------------------------------------------------------
29/Nov/2021 16:56:47  Solver finished at: 04:56 PM Monday, 29. November 2021
                      
                      
                      
                      ------------------------------------------------------------------------------
29/Nov/2021 16:56:54  Creating parametric 1D results for Run ID 52
                      
                      ------------------------------------------------------------------------------
